!SESSION 2022-11-01 23:38:55.434 -----------------------------------------------
eclipse.buildId=Version 1.7.0
java.version=11.0.10
java.vendor=AdoptOpenJDK
BootLoader constants: OS=win32, ARCH=x86_64, WS=win32, NL=en_US
Command-line arguments:  -os win32 -ws win32 -arch x86_64

!ENTRY com.st.stm32cube.ide.mcu.informationcenter 4 4 2022-11-01 23:39:30.617
!MESSAGE CubeMX plugin appears to be active, Log4j initialization might be too late.

!ENTRY com.st.stm32cube.ide.mcu.informationcenter 1 1 2022-11-01 23:39:30.809
!MESSAGE Log4j initialized with config file E:\OneDrive\FileBK_next\DoAn\Expansion_shield_STMNucleo\.metadata\.log4j.xml

!ENTRY com.st.stm32cube.ide.mcu.ide 1 1 2022-11-01 23:39:38.155
!MESSAGE Started RMI Server, listening on port 41337

!ENTRY org.eclipse.cdt.core 1 0 2022-11-01 23:40:30.359
!MESSAGE Indexed 'lcd16x2' (22 sources, 100 headers) in 5.64 sec: 7,534 declarations; 31,369 references; 2 unresolved inclusions; 36 syntax errors; 188 unresolved names (0.48%)
!SESSION 2022-11-17 23:28:40.607 -----------------------------------------------
eclipse.buildId=Version 1.7.0
java.version=11.0.10
java.vendor=AdoptOpenJDK
BootLoader constants: OS=win32, ARCH=x86_64, WS=win32, NL=en_US
Command-line arguments:  -os win32 -ws win32 -arch x86_64

!ENTRY org.eclipse.core.resources 2 10035 2022-11-17 23:29:04.884
!MESSAGE The workspace exited with unsaved changes in the previous session; refreshing workspace to recover changes.

!ENTRY org.eclipse.debug.core 4 125 2022-11-17 23:29:09.306
!MESSAGE Error logged from Debug Core: 
!STACK 1
org.eclipse.core.runtime.CoreException: File not found: E:\OneDrive\FileBK_next\DoAn\Expansion_shield_STMNucleo\STM32\lcd16x2_STM32\lcd16x2 Debug.launch.
	at org.eclipse.core.internal.filesystem.Policy.error(Policy.java:48)
	at org.eclipse.core.internal.filesystem.local.LocalFile.openInputStream(LocalFile.java:409)
	at org.eclipse.debug.internal.core.LaunchManager.getInfo(LaunchManager.java:1344)
	at org.eclipse.debug.internal.core.LaunchConfiguration.getInfo(LaunchConfiguration.java:488)
	at org.eclipse.debug.internal.core.LaunchConfiguration.getType(LaunchConfiguration.java:643)
	at org.eclipse.debug.internal.core.LaunchManager.isValid(LaunchManager.java:2068)
	at org.eclipse.debug.internal.core.LaunchManager.verifyConfigurations(LaunchManager.java:2436)
	at org.eclipse.debug.internal.core.LaunchManager.getAllLaunchConfigurations(LaunchManager.java:1128)
	at org.eclipse.debug.core.DebugPlugin.getLaunchManager(DebugPlugin.java:609)
	at org.eclipse.debug.internal.ui.launchConfigurations.PerspectiveManager.startup(PerspectiveManager.java:285)
	at org.eclipse.debug.internal.ui.DebugUIPlugin.start(DebugUIPlugin.java:548)
	at org.eclipse.osgi.internal.framework.BundleContextImpl$2.run(BundleContextImpl.java:814)
	at org.eclipse.osgi.internal.framework.BundleContextImpl$2.run(BundleContextImpl.java:1)
	at java.base/java.security.AccessController.doPrivileged(Native Method)
	at org.eclipse.osgi.internal.framework.BundleContextImpl.startActivator(BundleContextImpl.java:806)
	at org.eclipse.osgi.internal.framework.BundleContextImpl.start(BundleContextImpl.java:763)
	at org.eclipse.osgi.internal.framework.EquinoxBundle.startWorker0(EquinoxBundle.java:1012)
	at org.eclipse.osgi.internal.framework.EquinoxBundle$EquinoxModule.startWorker(EquinoxBundle.java:366)
	at org.eclipse.osgi.container.Module.doStart(Module.java:605)
	at org.eclipse.osgi.container.Module.start(Module.java:468)
	at org.eclipse.osgi.framework.util.SecureAction.start(SecureAction.java:506)
	at org.eclipse.osgi.internal.hooks.EclipseLazyStarter.postFindLocalClass(EclipseLazyStarter.java:117)
	at org.eclipse.osgi.internal.loader.classpath.ClasspathManager.findLocalClass(ClasspathManager.java:572)
	at org.eclipse.osgi.internal.loader.ModuleClassLoader.findLocalClass(ModuleClassLoader.java:346)
	at org.eclipse.osgi.internal.loader.BundleLoader.findLocalClass(BundleLoader.java:401)
	at org.eclipse.osgi.internal.loader.BundleLoader.findClass(BundleLoader.java:480)
	at org.eclipse.osgi.internal.loader.ModuleClassLoader.loadClass(ModuleClassLoader.java:171)
	at java.base/java.lang.ClassLoader.loadClass(ClassLoader.java:522)
	at com.st.stm32cube.ide.mcu.debug.swv.core.SWVPlugin.getSessionManager(SWVPlugin.java:70)
	at com.st.stm32cube.ide.mcu.debug.swv.core.ui.StartTraceTester.test(StartTraceTester.java:29)
	at org.eclipse.core.internal.expressions.Property.test(Property.java:65)
	at org.eclipse.core.expressions.TestExpression.evaluate(TestExpression.java:107)
	at org.eclipse.ui.internal.services.EvaluationReference.evaluate(EvaluationReference.java:79)
	at org.eclipse.ui.internal.services.EvaluationReference.evaluate(EvaluationReference.java:109)
	at org.eclipse.ui.internal.services.EvaluationReference.changed(EvaluationReference.java:103)
	at org.eclipse.e4.core.internal.contexts.TrackableComputationExt.update(TrackableComputationExt.java:108)
	at org.eclipse.e4.core.internal.contexts.EclipseContext.runAndTrack(EclipseContext.java:346)
	at org.eclipse.ui.internal.services.EvaluationService.addEvaluationReference(EvaluationService.java:239)
	at org.eclipse.ui.internal.services.EvaluationService.addEvaluationListener(EvaluationService.java:213)
	at org.eclipse.ui.internal.handlers.HandlerProxy.registerEnablement(HandlerProxy.java:209)
	at org.eclipse.ui.internal.handlers.HandlerProxy.<init>(HandlerProxy.java:189)
	at org.eclipse.ui.internal.handlers.LegacyHandlerService.readHandlers(LegacyHandlerService.java:639)
	at org.eclipse.ui.internal.handlers.LegacyHandlerService.readRegistry(LegacyHandlerService.java:579)
	at org.eclipse.ui.internal.Workbench$36.runWithException(Workbench.java:2327)
	at org.eclipse.ui.internal.StartupThreading$StartupRunnable.run(StartupThreading.java:36)
	at org.eclipse.swt.widgets.Synchronizer.syncExec(Synchronizer.java:236)
	at org.eclipse.ui.internal.UISynchronizer.syncExec(UISynchronizer.java:133)
	at org.eclipse.swt.widgets.Display.syncExec(Display.java:4742)
	at org.eclipse.ui.internal.StartupThreading.runWithoutExceptions(StartupThreading.java:94)
	at org.eclipse.ui.internal.Workbench.initializeDefaultServices(Workbench.java:2321)
	at org.eclipse.ui.internal.Workbench.init(Workbench.java:1606)
	at org.eclipse.ui.internal.Workbench.runUI(Workbench.java:2759)
	at org.eclipse.ui.internal.Workbench.lambda$3(Workbench.java:637)
	at org.eclipse.core.databinding.observable.Realm.runWithDefault(Realm.java:338)
	at org.eclipse.ui.internal.Workbench.createAndRunWorkbench(Workbench.java:551)
	at org.eclipse.ui.PlatformUI.createAndRunWorkbench(PlatformUI.java:156)
	at org.eclipse.ui.internal.ide.application.IDEApplication.start(IDEApplication.java:152)
	at org.eclipse.equinox.internal.app.EclipseAppHandle.run(EclipseAppHandle.java:203)
	at org.eclipse.core.runtime.internal.adaptor.EclipseAppLauncher.runApplication(EclipseAppLauncher.java:134)
	at org.eclipse.core.runtime.internal.adaptor.EclipseAppLauncher.start(EclipseAppLauncher.java:104)
	at org.eclipse.core.runtime.adaptor.EclipseStarter.run(EclipseStarter.java:401)
	at org.eclipse.core.runtime.adaptor.EclipseStarter.run(EclipseStarter.java:255)
	at java.base/jdk.internal.reflect.NativeMethodAccessorImpl.invoke0(Native Method)
	at java.base/jdk.internal.reflect.NativeMethodAccessorImpl.invoke(NativeMethodAccessorImpl.java:62)
	at java.base/jdk.internal.reflect.DelegatingMethodAccessorImpl.invoke(DelegatingMethodAccessorImpl.java:43)
	at java.base/java.lang.reflect.Method.invoke(Method.java:566)
	at org.eclipse.equinox.launcher.Main.invokeFramework(Main.java:653)
	at org.eclipse.equinox.launcher.Main.basicRun(Main.java:590)
	at org.eclipse.equinox.launcher.Main.run(Main.java:1461)
Caused by: java.io.FileNotFoundException: E:\OneDrive\FileBK_next\DoAn\Expansion_shield_STMNucleo\STM32\lcd16x2_STM32\lcd16x2 Debug.launch (The system cannot find the file specified)
	at java.base/java.io.FileInputStream.open0(Native Method)
	at java.base/java.io.FileInputStream.open(FileInputStream.java:219)
	at java.base/java.io.FileInputStream.<init>(FileInputStream.java:157)
	at org.eclipse.core.internal.filesystem.local.LocalFile.openInputStream(LocalFile.java:404)
	... 67 more
!SUBENTRY 1 org.eclipse.core.filesystem 4 269 2022-11-17 23:29:09.318
!MESSAGE File not found: E:\OneDrive\FileBK_next\DoAn\Expansion_shield_STMNucleo\STM32\lcd16x2_STM32\lcd16x2 Debug.launch.
!STACK 0
java.io.FileNotFoundException: E:\OneDrive\FileBK_next\DoAn\Expansion_shield_STMNucleo\STM32\lcd16x2_STM32\lcd16x2 Debug.launch (The system cannot find the file specified)
	at java.base/java.io.FileInputStream.open0(Native Method)
	at java.base/java.io.FileInputStream.open(FileInputStream.java:219)
	at java.base/java.io.FileInputStream.<init>(FileInputStream.java:157)
	at org.eclipse.core.internal.filesystem.local.LocalFile.openInputStream(LocalFile.java:404)
	at org.eclipse.debug.internal.core.LaunchManager.getInfo(LaunchManager.java:1344)
	at org.eclipse.debug.internal.core.LaunchConfiguration.getInfo(LaunchConfiguration.java:488)
	at org.eclipse.debug.internal.core.LaunchConfiguration.getType(LaunchConfiguration.java:643)
	at org.eclipse.debug.internal.core.LaunchManager.isValid(LaunchManager.java:2068)
	at org.eclipse.debug.internal.core.LaunchManager.verifyConfigurations(LaunchManager.java:2436)
	at org.eclipse.debug.internal.core.LaunchManager.getAllLaunchConfigurations(LaunchManager.java:1128)
	at org.eclipse.debug.core.DebugPlugin.getLaunchManager(DebugPlugin.java:609)
	at org.eclipse.debug.internal.ui.launchConfigurations.PerspectiveManager.startup(PerspectiveManager.java:285)
	at org.eclipse.debug.internal.ui.DebugUIPlugin.start(DebugUIPlugin.java:548)
	at org.eclipse.osgi.internal.framework.BundleContextImpl$2.run(BundleContextImpl.java:814)
	at org.eclipse.osgi.internal.framework.BundleContextImpl$2.run(BundleContextImpl.java:1)
	at java.base/java.security.AccessController.doPrivileged(Native Method)
	at org.eclipse.osgi.internal.framework.BundleContextImpl.startActivator(BundleContextImpl.java:806)
	at org.eclipse.osgi.internal.framework.BundleContextImpl.start(BundleContextImpl.java:763)
	at org.eclipse.osgi.internal.framework.EquinoxBundle.startWorker0(EquinoxBundle.java:1012)
	at org.eclipse.osgi.internal.framework.EquinoxBundle$EquinoxModule.startWorker(EquinoxBundle.java:366)
	at org.eclipse.osgi.container.Module.doStart(Module.java:605)
	at org.eclipse.osgi.container.Module.start(Module.java:468)
	at org.eclipse.osgi.framework.util.SecureAction.start(SecureAction.java:506)
	at org.eclipse.osgi.internal.hooks.EclipseLazyStarter.postFindLocalClass(EclipseLazyStarter.java:117)
	at org.eclipse.osgi.internal.loader.classpath.ClasspathManager.findLocalClass(ClasspathManager.java:572)
	at org.eclipse.osgi.internal.loader.ModuleClassLoader.findLocalClass(ModuleClassLoader.java:346)
	at org.eclipse.osgi.internal.loader.BundleLoader.findLocalClass(BundleLoader.java:401)
	at org.eclipse.osgi.internal.loader.BundleLoader.findClass(BundleLoader.java:480)
	at org.eclipse.osgi.internal.loader.ModuleClassLoader.loadClass(ModuleClassLoader.java:171)
	at java.base/java.lang.ClassLoader.loadClass(ClassLoader.java:522)
	at com.st.stm32cube.ide.mcu.debug.swv.core.SWVPlugin.getSessionManager(SWVPlugin.java:70)
	at com.st.stm32cube.ide.mcu.debug.swv.core.ui.StartTraceTester.test(StartTraceTester.java:29)
	at org.eclipse.core.internal.expressions.Property.test(Property.java:65)
	at org.eclipse.core.expressions.TestExpression.evaluate(TestExpression.java:107)
	at org.eclipse.ui.internal.services.EvaluationReference.evaluate(EvaluationReference.java:79)
	at org.eclipse.ui.internal.services.EvaluationReference.evaluate(EvaluationReference.java:109)
	at org.eclipse.ui.internal.services.EvaluationReference.changed(EvaluationReference.java:103)
	at org.eclipse.e4.core.internal.contexts.TrackableComputationExt.update(TrackableComputationExt.java:108)
	at org.eclipse.e4.core.internal.contexts.EclipseContext.runAndTrack(EclipseContext.java:346)
	at org.eclipse.ui.internal.services.EvaluationService.addEvaluationReference(EvaluationService.java:239)
	at org.eclipse.ui.internal.services.EvaluationService.addEvaluationListener(EvaluationService.java:213)
	at org.eclipse.ui.internal.handlers.HandlerProxy.registerEnablement(HandlerProxy.java:209)
	at org.eclipse.ui.internal.handlers.HandlerProxy.<init>(HandlerProxy.java:189)
	at org.eclipse.ui.internal.handlers.LegacyHandlerService.readHandlers(LegacyHandlerService.java:639)
	at org.eclipse.ui.internal.handlers.LegacyHandlerService.readRegistry(LegacyHandlerService.java:579)
	at org.eclipse.ui.internal.Workbench$36.runWithException(Workbench.java:2327)
	at org.eclipse.ui.internal.StartupThreading$StartupRunnable.run(StartupThreading.java:36)
	at org.eclipse.swt.widgets.Synchronizer.syncExec(Synchronizer.java:236)
	at org.eclipse.ui.internal.UISynchronizer.syncExec(UISynchronizer.java:133)
	at org.eclipse.swt.widgets.Display.syncExec(Display.java:4742)
	at org.eclipse.ui.internal.StartupThreading.runWithoutExceptions(StartupThreading.java:94)
	at org.eclipse.ui.internal.Workbench.initializeDefaultServices(Workbench.java:2321)
	at org.eclipse.ui.internal.Workbench.init(Workbench.java:1606)
	at org.eclipse.ui.internal.Workbench.runUI(Workbench.java:2759)
	at org.eclipse.ui.internal.Workbench.lambda$3(Workbench.java:637)
	at org.eclipse.core.databinding.observable.Realm.runWithDefault(Realm.java:338)
	at org.eclipse.ui.internal.Workbench.createAndRunWorkbench(Workbench.java:551)
	at org.eclipse.ui.PlatformUI.createAndRunWorkbench(PlatformUI.java:156)
	at org.eclipse.ui.internal.ide.application.IDEApplication.start(IDEApplication.java:152)
	at org.eclipse.equinox.internal.app.EclipseAppHandle.run(EclipseAppHandle.java:203)
	at org.eclipse.core.runtime.internal.adaptor.EclipseAppLauncher.runApplication(EclipseAppLauncher.java:134)
	at org.eclipse.core.runtime.internal.adaptor.EclipseAppLauncher.start(EclipseAppLauncher.java:104)
	at org.eclipse.core.runtime.adaptor.EclipseStarter.run(EclipseStarter.java:401)
	at org.eclipse.core.runtime.adaptor.EclipseStarter.run(EclipseStarter.java:255)
	at java.base/jdk.internal.reflect.NativeMethodAccessorImpl.invoke0(Native Method)
	at java.base/jdk.internal.reflect.NativeMethodAccessorImpl.invoke(NativeMethodAccessorImpl.java:62)
	at java.base/jdk.internal.reflect.DelegatingMethodAccessorImpl.invoke(DelegatingMethodAccessorImpl.java:43)
	at java.base/java.lang.reflect.Method.invoke(Method.java:566)
	at org.eclipse.equinox.launcher.Main.invokeFramework(Main.java:653)
	at org.eclipse.equinox.launcher.Main.basicRun(Main.java:590)
	at org.eclipse.equinox.launcher.Main.run(Main.java:1461)

!ENTRY com.st.stm32cube.ide.mcu.informationcenter 4 4 2022-11-17 23:29:14.285
!MESSAGE CubeMX plugin appears to be active, Log4j initialization might be too late.

!ENTRY com.st.stm32cube.ide.mcu.informationcenter 1 1 2022-11-17 23:29:14.473
!MESSAGE Log4j initialized with config file E:\OneDrive\FileBK_next\DoAn\Expansion_shield_STMNucleo\.metadata\.log4j.xml

!ENTRY com.st.stm32cube.ide.mcu.ide 1 1 2022-11-17 23:29:32.963
!MESSAGE Started RMI Server, listening on port 41337

!ENTRY org.eclipse.core.resources 4 77 2022-11-17 23:33:11.264
!MESSAGE Invalid project description.
!SUBENTRY 1 unknown 0 0 2022-11-17 23:33:11.264
!MESSAGE OK
!SUBENTRY 1 org.eclipse.core.resources 4 77 2022-11-17 23:33:11.264
!MESSAGE E:\OneDrive\FileBK_next\DoAn\Expansion_shield_STMNucleo\STM32\lcd16x2_STM32 overlaps the location of another project: 'lcd16x2'

!ENTRY com.st.stm32cube.common.projectcreation 4 0 2022-11-17 23:33:11.265
!MESSAGE Project is null

!ENTRY org.eclipse.core.resources 4 77 2022-11-17 23:33:13.850
!MESSAGE Invalid project description.
!SUBENTRY 1 unknown 0 0 2022-11-17 23:33:13.850
!MESSAGE OK
!SUBENTRY 1 org.eclipse.core.resources 4 77 2022-11-17 23:33:13.850
!MESSAGE E:\OneDrive\FileBK_next\DoAn\Expansion_shield_STMNucleo\STM32\lcd16x2_STM32 overlaps the location of another project: 'lcd16x2'

!ENTRY com.st.stm32cube.common.projectcreation 4 0 2022-11-17 23:33:13.851
!MESSAGE Project is null

!ENTRY org.eclipse.cdt.dsf.gdb 4 104 2022-11-17 23:33:24.186
!MESSAGE Program file does not exist
!STACK 0
java.io.FileNotFoundException: E:\OneDrive\FileBK_next\DoAn\Expansion_shield_STMNucleo\STM32\lcd16x2_STM32\Debug\lcd16x2_stm32.elf not found
	at org.eclipse.cdt.dsf.gdb.launching.LaunchUtils.verifyProgramPath(LaunchUtils.java:131)
	at org.eclipse.cdt.dsf.gdb.launching.GdbLaunchDelegate.checkBinaryDetails(GdbLaunchDelegate.java:329)
	at org.eclipse.cdt.dsf.gdb.launching.GdbLaunchDelegate.launchDebugSession(GdbLaunchDelegate.java:151)
	at org.eclipse.cdt.dsf.gdb.launching.GdbLaunchDelegate.launchDebugger(GdbLaunchDelegate.java:108)
	at org.eclipse.cdt.dsf.gdb.launching.GdbLaunchDelegate.launch(GdbLaunchDelegate.java:96)
	at com.st.stm32cube.ide.mcu.debug.launch.DSFDelegate.launch(DSFDelegate.java:305)
	at org.eclipse.debug.internal.core.LaunchConfiguration.launch(LaunchConfiguration.java:803)
	at org.eclipse.debug.internal.core.LaunchConfiguration.launch(LaunchConfiguration.java:716)
	at org.eclipse.debug.internal.ui.DebugUIPlugin.buildAndLaunch(DebugUIPlugin.java:1021)
	at org.eclipse.debug.internal.ui.DebugUIPlugin$2.run(DebugUIPlugin.java:1224)
	at org.eclipse.core.internal.jobs.Worker.run(Worker.java:63)
!SUBENTRY 1 org.eclipse.cdt.dsf.gdb 4 104 2022-11-17 23:33:24.187
!MESSAGE E:\OneDrive\FileBK_next\DoAn\Expansion_shield_STMNucleo\STM32\lcd16x2_STM32\Debug\lcd16x2_stm32.elf not found
!STACK 0
java.io.FileNotFoundException: E:\OneDrive\FileBK_next\DoAn\Expansion_shield_STMNucleo\STM32\lcd16x2_STM32\Debug\lcd16x2_stm32.elf not found
	at org.eclipse.cdt.dsf.gdb.launching.LaunchUtils.verifyProgramPath(LaunchUtils.java:131)
	at org.eclipse.cdt.dsf.gdb.launching.GdbLaunchDelegate.checkBinaryDetails(GdbLaunchDelegate.java:329)
	at org.eclipse.cdt.dsf.gdb.launching.GdbLaunchDelegate.launchDebugSession(GdbLaunchDelegate.java:151)
	at org.eclipse.cdt.dsf.gdb.launching.GdbLaunchDelegate.launchDebugger(GdbLaunchDelegate.java:108)
	at org.eclipse.cdt.dsf.gdb.launching.GdbLaunchDelegate.launch(GdbLaunchDelegate.java:96)
	at com.st.stm32cube.ide.mcu.debug.launch.DSFDelegate.launch(DSFDelegate.java:305)
	at org.eclipse.debug.internal.core.LaunchConfiguration.launch(LaunchConfiguration.java:803)
	at org.eclipse.debug.internal.core.LaunchConfiguration.launch(LaunchConfiguration.java:716)
	at org.eclipse.debug.internal.ui.DebugUIPlugin.buildAndLaunch(DebugUIPlugin.java:1021)
	at org.eclipse.debug.internal.ui.DebugUIPlugin$2.run(DebugUIPlugin.java:1224)
	at org.eclipse.core.internal.jobs.Worker.run(Worker.java:63)

!ENTRY org.eclipse.core.resources 4 77 2022-11-17 23:33:49.770
!MESSAGE Invalid project description.
!SUBENTRY 1 unknown 0 0 2022-11-17 23:33:49.770
!MESSAGE OK
!SUBENTRY 1 org.eclipse.core.resources 4 77 2022-11-17 23:33:49.771
!MESSAGE E:\OneDrive\FileBK_next\DoAn\Expansion_shield_STMNucleo\STM32\lcd16x2_STM32 overlaps the location of another project: 'lcd16x2'

!ENTRY com.st.stm32cube.common.projectcreation 4 0 2022-11-17 23:33:49.771
!MESSAGE Project is null

!ENTRY org.eclipse.core.resources 4 77 2022-11-17 23:33:49.990
!MESSAGE Invalid project description.
!SUBENTRY 1 unknown 0 0 2022-11-17 23:33:49.990
!MESSAGE OK
!SUBENTRY 1 org.eclipse.core.resources 4 77 2022-11-17 23:33:49.990
!MESSAGE E:\OneDrive\FileBK_next\DoAn\Expansion_shield_STMNucleo\STM32\lcd16x2_STM32 overlaps the location of another project: 'lcd16x2'

!ENTRY com.st.stm32cube.common.projectcreation 4 0 2022-11-17 23:33:49.990
!MESSAGE Project is null

!ENTRY org.eclipse.cdt.dsf.gdb 4 104 2022-11-17 23:33:51.556
!MESSAGE Program file does not exist
!STACK 0
java.io.FileNotFoundException: E:\OneDrive\FileBK_next\DoAn\Expansion_shield_STMNucleo\STM32\lcd16x2_STM32\Debug\lcd16x2_stm32.elf not found
	at org.eclipse.cdt.dsf.gdb.launching.LaunchUtils.verifyProgramPath(LaunchUtils.java:131)
	at org.eclipse.cdt.dsf.gdb.launching.GdbLaunchDelegate.checkBinaryDetails(GdbLaunchDelegate.java:329)
	at org.eclipse.cdt.dsf.gdb.launching.GdbLaunchDelegate.launchDebugSession(GdbLaunchDelegate.java:151)
	at org.eclipse.cdt.dsf.gdb.launching.GdbLaunchDelegate.launchDebugger(GdbLaunchDelegate.java:108)
	at org.eclipse.cdt.dsf.gdb.launching.GdbLaunchDelegate.launch(GdbLaunchDelegate.java:96)
	at com.st.stm32cube.ide.mcu.debug.launch.DSFDelegate.launch(DSFDelegate.java:305)
	at org.eclipse.debug.internal.core.LaunchConfiguration.launch(LaunchConfiguration.java:803)
	at org.eclipse.debug.internal.core.LaunchConfiguration.launch(LaunchConfiguration.java:716)
	at org.eclipse.debug.internal.ui.DebugUIPlugin.buildAndLaunch(DebugUIPlugin.java:1021)
	at org.eclipse.debug.internal.ui.DebugUIPlugin$2.run(DebugUIPlugin.java:1224)
	at org.eclipse.core.internal.jobs.Worker.run(Worker.java:63)
!SUBENTRY 1 org.eclipse.cdt.dsf.gdb 4 104 2022-11-17 23:33:51.556
!MESSAGE E:\OneDrive\FileBK_next\DoAn\Expansion_shield_STMNucleo\STM32\lcd16x2_STM32\Debug\lcd16x2_stm32.elf not found
!STACK 0
java.io.FileNotFoundException: E:\OneDrive\FileBK_next\DoAn\Expansion_shield_STMNucleo\STM32\lcd16x2_STM32\Debug\lcd16x2_stm32.elf not found
	at org.eclipse.cdt.dsf.gdb.launching.LaunchUtils.verifyProgramPath(LaunchUtils.java:131)
	at org.eclipse.cdt.dsf.gdb.launching.GdbLaunchDelegate.checkBinaryDetails(GdbLaunchDelegate.java:329)
	at org.eclipse.cdt.dsf.gdb.launching.GdbLaunchDelegate.launchDebugSession(GdbLaunchDelegate.java:151)
	at org.eclipse.cdt.dsf.gdb.launching.GdbLaunchDelegate.launchDebugger(GdbLaunchDelegate.java:108)
	at org.eclipse.cdt.dsf.gdb.launching.GdbLaunchDelegate.launch(GdbLaunchDelegate.java:96)
	at com.st.stm32cube.ide.mcu.debug.launch.DSFDelegate.launch(DSFDelegate.java:305)
	at org.eclipse.debug.internal.core.LaunchConfiguration.launch(LaunchConfiguration.java:803)
	at org.eclipse.debug.internal.core.LaunchConfiguration.launch(LaunchConfiguration.java:716)
	at org.eclipse.debug.internal.ui.DebugUIPlugin.buildAndLaunch(DebugUIPlugin.java:1021)
	at org.eclipse.debug.internal.ui.DebugUIPlugin$2.run(DebugUIPlugin.java:1224)
	at org.eclipse.core.internal.jobs.Worker.run(Worker.java:63)

!ENTRY org.eclipse.core.resources 4 77 2022-11-17 23:34:04.541
!MESSAGE Invalid project description.
!SUBENTRY 1 unknown 0 0 2022-11-17 23:34:04.541
!MESSAGE OK
!SUBENTRY 1 org.eclipse.core.resources 4 77 2022-11-17 23:34:04.541
!MESSAGE E:\OneDrive\FileBK_next\DoAn\Expansion_shield_STMNucleo\STM32\lcd16x2_STM32 overlaps the location of another project: 'lcd16x2'

!ENTRY com.st.stm32cube.common.projectcreation 4 0 2022-11-17 23:34:04.541
!MESSAGE Project is null

!ENTRY org.eclipse.core.resources 4 77 2022-11-17 23:34:04.691
!MESSAGE Invalid project description.
!SUBENTRY 1 unknown 0 0 2022-11-17 23:34:04.691
!MESSAGE OK
!SUBENTRY 1 org.eclipse.core.resources 4 77 2022-11-17 23:34:04.691
!MESSAGE E:\OneDrive\FileBK_next\DoAn\Expansion_shield_STMNucleo\STM32\lcd16x2_STM32 overlaps the location of another project: 'lcd16x2'

!ENTRY com.st.stm32cube.common.projectcreation 4 0 2022-11-17 23:34:04.691
!MESSAGE Project is null

!ENTRY org.eclipse.cdt.dsf.gdb 4 104 2022-11-17 23:34:05.675
!MESSAGE Program file does not exist
!STACK 0
java.io.FileNotFoundException: E:\OneDrive\FileBK_next\DoAn\Expansion_shield_STMNucleo\STM32\lcd16x2_STM32\Debug\lcd16x2_stm32.elf not found
	at org.eclipse.cdt.dsf.gdb.launching.LaunchUtils.verifyProgramPath(LaunchUtils.java:131)
	at org.eclipse.cdt.dsf.gdb.launching.GdbLaunchDelegate.checkBinaryDetails(GdbLaunchDelegate.java:329)
	at org.eclipse.cdt.dsf.gdb.launching.GdbLaunchDelegate.launchDebugSession(GdbLaunchDelegate.java:151)
	at org.eclipse.cdt.dsf.gdb.launching.GdbLaunchDelegate.launchDebugger(GdbLaunchDelegate.java:108)
	at org.eclipse.cdt.dsf.gdb.launching.GdbLaunchDelegate.launch(GdbLaunchDelegate.java:96)
	at com.st.stm32cube.ide.mcu.debug.launch.DSFDelegate.launch(DSFDelegate.java:307)
	at org.eclipse.debug.internal.core.LaunchConfiguration.launch(LaunchConfiguration.java:803)
	at org.eclipse.debug.internal.core.LaunchConfiguration.launch(LaunchConfiguration.java:716)
	at org.eclipse.debug.internal.ui.DebugUIPlugin.buildAndLaunch(DebugUIPlugin.java:1021)
	at org.eclipse.debug.internal.ui.DebugUIPlugin$2.run(DebugUIPlugin.java:1224)
	at org.eclipse.core.internal.jobs.Worker.run(Worker.java:63)
!SUBENTRY 1 org.eclipse.cdt.dsf.gdb 4 104 2022-11-17 23:34:05.675
!MESSAGE E:\OneDrive\FileBK_next\DoAn\Expansion_shield_STMNucleo\STM32\lcd16x2_STM32\Debug\lcd16x2_stm32.elf not found
!STACK 0
java.io.FileNotFoundException: E:\OneDrive\FileBK_next\DoAn\Expansion_shield_STMNucleo\STM32\lcd16x2_STM32\Debug\lcd16x2_stm32.elf not found
	at org.eclipse.cdt.dsf.gdb.launching.LaunchUtils.verifyProgramPath(LaunchUtils.java:131)
	at org.eclipse.cdt.dsf.gdb.launching.GdbLaunchDelegate.checkBinaryDetails(GdbLaunchDelegate.java:329)
	at org.eclipse.cdt.dsf.gdb.launching.GdbLaunchDelegate.launchDebugSession(GdbLaunchDelegate.java:151)
	at org.eclipse.cdt.dsf.gdb.launching.GdbLaunchDelegate.launchDebugger(GdbLaunchDelegate.java:108)
	at org.eclipse.cdt.dsf.gdb.launching.GdbLaunchDelegate.launch(GdbLaunchDelegate.java:96)
	at com.st.stm32cube.ide.mcu.debug.launch.DSFDelegate.launch(DSFDelegate.java:307)
	at org.eclipse.debug.internal.core.LaunchConfiguration.launch(LaunchConfiguration.java:803)
	at org.eclipse.debug.internal.core.LaunchConfiguration.launch(LaunchConfiguration.java:716)
	at org.eclipse.debug.internal.ui.DebugUIPlugin.buildAndLaunch(DebugUIPlugin.java:1021)
	at org.eclipse.debug.internal.ui.DebugUIPlugin$2.run(DebugUIPlugin.java:1224)
	at org.eclipse.core.internal.jobs.Worker.run(Worker.java:63)

!ENTRY org.eclipse.core.resources 4 77 2022-11-17 23:34:17.408
!MESSAGE Invalid project description.
!SUBENTRY 1 unknown 0 0 2022-11-17 23:34:17.408
!MESSAGE OK
!SUBENTRY 1 org.eclipse.core.resources 4 77 2022-11-17 23:34:17.408
!MESSAGE E:\OneDrive\FileBK_next\DoAn\Expansion_shield_STMNucleo\STM32\lcd16x2_STM32 overlaps the location of another project: 'lcd16x2'

!ENTRY com.st.stm32cube.common.projectcreation 4 0 2022-11-17 23:34:17.409
!MESSAGE Project is null

!ENTRY org.eclipse.core.resources 4 77 2022-11-17 23:34:23.170
!MESSAGE Invalid project description.
!SUBENTRY 1 unknown 0 0 2022-11-17 23:34:23.170
!MESSAGE OK
!SUBENTRY 1 org.eclipse.core.resources 4 77 2022-11-17 23:34:23.170
!MESSAGE E:\OneDrive\FileBK_next\DoAn\Expansion_shield_STMNucleo\STM32\lcd16x2_STM32 overlaps the location of another project: 'lcd16x2'

!ENTRY com.st.stm32cube.common.projectcreation 4 0 2022-11-17 23:34:23.171
!MESSAGE Project is null

!ENTRY org.eclipse.core.resources 4 77 2022-11-17 23:34:23.316
!MESSAGE Invalid project description.
!SUBENTRY 1 unknown 0 0 2022-11-17 23:34:23.316
!MESSAGE OK
!SUBENTRY 1 org.eclipse.core.resources 4 77 2022-11-17 23:34:23.316
!MESSAGE E:\OneDrive\FileBK_next\DoAn\Expansion_shield_STMNucleo\STM32\lcd16x2_STM32 overlaps the location of another project: 'lcd16x2'

!ENTRY com.st.stm32cube.common.projectcreation 4 0 2022-11-17 23:34:23.317
!MESSAGE Project is null

!ENTRY org.eclipse.cdt.dsf.gdb 4 104 2022-11-17 23:34:24.454
!MESSAGE Program file does not exist
!STACK 0
java.io.FileNotFoundException: E:\OneDrive\FileBK_next\DoAn\Expansion_shield_STMNucleo\STM32\lcd16x2_STM32\Debug\lcd16x2_stm32.elf not found
	at org.eclipse.cdt.dsf.gdb.launching.LaunchUtils.verifyProgramPath(LaunchUtils.java:131)
	at org.eclipse.cdt.dsf.gdb.launching.GdbLaunchDelegate.checkBinaryDetails(GdbLaunchDelegate.java:329)
	at org.eclipse.cdt.dsf.gdb.launching.GdbLaunchDelegate.launchDebugSession(GdbLaunchDelegate.java:151)
	at org.eclipse.cdt.dsf.gdb.launching.GdbLaunchDelegate.launchDebugger(GdbLaunchDelegate.java:108)
	at org.eclipse.cdt.dsf.gdb.launching.GdbLaunchDelegate.launch(GdbLaunchDelegate.java:96)
	at com.st.stm32cube.ide.mcu.debug.launch.DSFDelegate.launch(DSFDelegate.java:305)
	at org.eclipse.debug.internal.core.LaunchConfiguration.launch(LaunchConfiguration.java:803)
	at org.eclipse.debug.internal.core.LaunchConfiguration.launch(LaunchConfiguration.java:716)
	at org.eclipse.debug.internal.ui.DebugUIPlugin.buildAndLaunch(DebugUIPlugin.java:1021)
	at org.eclipse.debug.internal.ui.DebugUIPlugin$2.run(DebugUIPlugin.java:1224)
	at org.eclipse.core.internal.jobs.Worker.run(Worker.java:63)
!SUBENTRY 1 org.eclipse.cdt.dsf.gdb 4 104 2022-11-17 23:34:24.454
!MESSAGE E:\OneDrive\FileBK_next\DoAn\Expansion_shield_STMNucleo\STM32\lcd16x2_STM32\Debug\lcd16x2_stm32.elf not found
!STACK 0
java.io.FileNotFoundException: E:\OneDrive\FileBK_next\DoAn\Expansion_shield_STMNucleo\STM32\lcd16x2_STM32\Debug\lcd16x2_stm32.elf not found
	at org.eclipse.cdt.dsf.gdb.launching.LaunchUtils.verifyProgramPath(LaunchUtils.java:131)
	at org.eclipse.cdt.dsf.gdb.launching.GdbLaunchDelegate.checkBinaryDetails(GdbLaunchDelegate.java:329)
	at org.eclipse.cdt.dsf.gdb.launching.GdbLaunchDelegate.launchDebugSession(GdbLaunchDelegate.java:151)
	at org.eclipse.cdt.dsf.gdb.launching.GdbLaunchDelegate.launchDebugger(GdbLaunchDelegate.java:108)
	at org.eclipse.cdt.dsf.gdb.launching.GdbLaunchDelegate.launch(GdbLaunchDelegate.java:96)
	at com.st.stm32cube.ide.mcu.debug.launch.DSFDelegate.launch(DSFDelegate.java:305)
	at org.eclipse.debug.internal.core.LaunchConfiguration.launch(LaunchConfiguration.java:803)
	at org.eclipse.debug.internal.core.LaunchConfiguration.launch(LaunchConfiguration.java:716)
	at org.eclipse.debug.internal.ui.DebugUIPlugin.buildAndLaunch(DebugUIPlugin.java:1021)
	at org.eclipse.debug.internal.ui.DebugUIPlugin$2.run(DebugUIPlugin.java:1224)
	at org.eclipse.core.internal.jobs.Worker.run(Worker.java:63)

!ENTRY org.eclipse.core.resources 4 77 2022-11-17 23:34:39.423
!MESSAGE Invalid project description.
!SUBENTRY 1 unknown 0 0 2022-11-17 23:34:39.424
!MESSAGE OK
!SUBENTRY 1 org.eclipse.core.resources 4 77 2022-11-17 23:34:39.424
!MESSAGE E:\OneDrive\FileBK_next\DoAn\Expansion_shield_STMNucleo\STM32\lcd16x2_STM32 overlaps the location of another project: 'lcd16x2'

!ENTRY com.st.stm32cube.common.projectcreation 4 0 2022-11-17 23:34:39.424
!MESSAGE Project is null

!ENTRY org.eclipse.core.resources 4 77 2022-11-17 23:35:10.662
!MESSAGE Invalid project description.
!SUBENTRY 1 unknown 0 0 2022-11-17 23:35:10.662
!MESSAGE OK
!SUBENTRY 1 org.eclipse.core.resources 4 77 2022-11-17 23:35:10.662
!MESSAGE E:\OneDrive\FileBK_next\DoAn\Expansion_shield_STMNucleo\STM32\lcd16x2_STM32 overlaps the location of another project: 'lcd16x2'

!ENTRY com.st.stm32cube.common.projectcreation 4 0 2022-11-17 23:35:10.663
!MESSAGE Project is null

!ENTRY org.eclipse.core.resources 4 77 2022-11-17 23:35:21.722
!MESSAGE Invalid project description.
!SUBENTRY 1 unknown 0 0 2022-11-17 23:35:21.722
!MESSAGE OK
!SUBENTRY 1 org.eclipse.core.resources 4 77 2022-11-17 23:35:21.722
!MESSAGE E:\OneDrive\FileBK_next\DoAn\Expansion_shield_STMNucleo\STM32\lcd16x2_STM32 overlaps the location of another project: 'lcd16x2'

!ENTRY com.st.stm32cube.common.projectcreation 4 0 2022-11-17 23:35:21.723
!MESSAGE Project is null

!ENTRY org.eclipse.cdt.core 1 0 2022-11-17 23:35:38.527
!MESSAGE Indexed 'lcd16x2_stm32' (31 sources, 122 headers) in 2.94 sec: 10,467 declarations; 61,336 references; 2 unresolved inclusions; 36 syntax errors; 188 unresolved names (0.26%)

!ENTRY org.eclipse.cdt.dsf.gdb 4 5012 2022-11-17 23:35:55.446
!MESSAGE Error in final launch sequence:

Failed to start GDB server
!STACK 1
org.eclipse.core.runtime.CoreException: Failed to start GDB server
	at org.eclipse.cdt.dsf.concurrent.Query.get(Query.java:112)
	at org.eclipse.cdt.dsf.gdb.launching.GdbLaunchDelegate.launchDebugSession(GdbLaunchDelegate.java:251)
	at org.eclipse.cdt.dsf.gdb.launching.GdbLaunchDelegate.launchDebugger(GdbLaunchDelegate.java:108)
	at org.eclipse.cdt.dsf.gdb.launching.GdbLaunchDelegate.launch(GdbLaunchDelegate.java:96)
	at com.st.stm32cube.ide.mcu.debug.launch.DSFDelegate.launch(DSFDelegate.java:305)
	at org.eclipse.debug.internal.core.LaunchConfiguration.launch(LaunchConfiguration.java:803)
	at org.eclipse.debug.internal.core.LaunchConfiguration.launch(LaunchConfiguration.java:716)
	at org.eclipse.debug.internal.ui.DebugUIPlugin.buildAndLaunch(DebugUIPlugin.java:1021)
	at org.eclipse.debug.internal.ui.DebugUIPlugin$2.run(DebugUIPlugin.java:1224)
	at org.eclipse.core.internal.jobs.Worker.run(Worker.java:63)
Caused by: java.lang.NullPointerException
	at com.st.stm32cube.ide.mcu.debug.stlink.StLinkDebugHardware.verifyServer(StLinkDebugHardware.java:1669)
	at com.st.stm32cube.ide.mcu.debug.launch.export.HardwareDebugUtil.startServer(HardwareDebugUtil.java:183)
	at com.st.stm32cube.ide.mcu.debug.launch.export.HardwareDebugUtil.startServer(HardwareDebugUtil.java:91)
	at com.st.stm32cube.ide.mcu.debug.launch.LaunchSequenceUtil.stepStartGDBServer(LaunchSequenceUtil.java:230)
	at com.st.stm32cube.ide.mcu.debug.launch.GDBExtendedJtagDSFFinalLaunchSequence_7_12.stepStartGDBServer(GDBExtendedJtagDSFFinalLaunchSequence_7_12.java:100)
	at java.base/jdk.internal.reflect.NativeMethodAccessorImpl.invoke0(Native Method)
	at java.base/jdk.internal.reflect.NativeMethodAccessorImpl.invoke(NativeMethodAccessorImpl.java:62)
	at java.base/jdk.internal.reflect.DelegatingMethodAccessorImpl.invoke(DelegatingMethodAccessorImpl.java:43)
	at java.base/java.lang.reflect.Method.invoke(Method.java:566)
	at org.eclipse.cdt.dsf.concurrent.ReflectionSequence$ReflectionStep.execute(ReflectionSequence.java:160)
	at org.eclipse.cdt.dsf.concurrent.Sequence.executeStep(Sequence.java:475)
	at org.eclipse.cdt.dsf.concurrent.Sequence$2.handleSuccess(Sequence.java:437)
	at org.eclipse.cdt.dsf.concurrent.RequestMonitor.handleCompleted(RequestMonitor.java:391)
	at org.eclipse.cdt.dsf.concurrent.RequestMonitor$2.run(RequestMonitor.java:317)
	at java.base/java.util.concurrent.Executors$RunnableAdapter.call(Executors.java:515)
	at java.base/java.util.concurrent.FutureTask.run(FutureTask.java:264)
	at java.base/java.util.concurrent.ScheduledThreadPoolExecutor$ScheduledFutureTask.run(ScheduledThreadPoolExecutor.java:304)
	at java.base/java.util.concurrent.ThreadPoolExecutor.runWorker(ThreadPoolExecutor.java:1128)
	at java.base/java.util.concurrent.ThreadPoolExecutor$Worker.run(ThreadPoolExecutor.java:628)
	at java.base/java.lang.Thread.run(Thread.java:834)
!SUBENTRY 1 com.st.stm32cube.ide.mcu.debug.launch 4 0 2022-11-17 23:35:55.446
!MESSAGE Failed to start GDB server
!STACK 0
java.lang.NullPointerException
	at com.st.stm32cube.ide.mcu.debug.stlink.StLinkDebugHardware.verifyServer(StLinkDebugHardware.java:1669)
	at com.st.stm32cube.ide.mcu.debug.launch.export.HardwareDebugUtil.startServer(HardwareDebugUtil.java:183)
	at com.st.stm32cube.ide.mcu.debug.launch.export.HardwareDebugUtil.startServer(HardwareDebugUtil.java:91)
	at com.st.stm32cube.ide.mcu.debug.launch.LaunchSequenceUtil.stepStartGDBServer(LaunchSequenceUtil.java:230)
	at com.st.stm32cube.ide.mcu.debug.launch.GDBExtendedJtagDSFFinalLaunchSequence_7_12.stepStartGDBServer(GDBExtendedJtagDSFFinalLaunchSequence_7_12.java:100)
	at java.base/jdk.internal.reflect.NativeMethodAccessorImpl.invoke0(Native Method)
	at java.base/jdk.internal.reflect.NativeMethodAccessorImpl.invoke(NativeMethodAccessorImpl.java:62)
	at java.base/jdk.internal.reflect.DelegatingMethodAccessorImpl.invoke(DelegatingMethodAccessorImpl.java:43)
	at java.base/java.lang.reflect.Method.invoke(Method.java:566)
	at org.eclipse.cdt.dsf.concurrent.ReflectionSequence$ReflectionStep.execute(ReflectionSequence.java:160)
	at org.eclipse.cdt.dsf.concurrent.Sequence.executeStep(Sequence.java:475)
	at org.eclipse.cdt.dsf.concurrent.Sequence$2.handleSuccess(Sequence.java:437)
	at org.eclipse.cdt.dsf.concurrent.RequestMonitor.handleCompleted(RequestMonitor.java:391)
	at org.eclipse.cdt.dsf.concurrent.RequestMonitor$2.run(RequestMonitor.java:317)
	at java.base/java.util.concurrent.Executors$RunnableAdapter.call(Executors.java:515)
	at java.base/java.util.concurrent.FutureTask.run(FutureTask.java:264)
	at java.base/java.util.concurrent.ScheduledThreadPoolExecutor$ScheduledFutureTask.run(ScheduledThreadPoolExecutor.java:304)
	at java.base/java.util.concurrent.ThreadPoolExecutor.runWorker(ThreadPoolExecutor.java:1128)
	at java.base/java.util.concurrent.ThreadPoolExecutor$Worker.run(ThreadPoolExecutor.java:628)
	at java.base/java.lang.Thread.run(Thread.java:834)

!ENTRY org.eclipse.cdt.dsf.gdb 4 5012 2022-11-17 23:36:27.879
!MESSAGE Error in final launch sequence:

Failed to start GDB server
!STACK 1
org.eclipse.core.runtime.CoreException: Failed to start GDB server
	at org.eclipse.cdt.dsf.concurrent.Query.get(Query.java:112)
	at org.eclipse.cdt.dsf.gdb.launching.GdbLaunchDelegate.launchDebugSession(GdbLaunchDelegate.java:251)
	at org.eclipse.cdt.dsf.gdb.launching.GdbLaunchDelegate.launchDebugger(GdbLaunchDelegate.java:108)
	at org.eclipse.cdt.dsf.gdb.launching.GdbLaunchDelegate.launch(GdbLaunchDelegate.java:96)
	at com.st.stm32cube.ide.mcu.debug.launch.DSFDelegate.launch(DSFDelegate.java:305)
	at org.eclipse.debug.internal.core.LaunchConfiguration.launch(LaunchConfiguration.java:803)
	at org.eclipse.debug.internal.core.LaunchConfiguration.launch(LaunchConfiguration.java:716)
	at org.eclipse.debug.internal.ui.DebugUIPlugin.buildAndLaunch(DebugUIPlugin.java:1021)
	at org.eclipse.debug.internal.ui.DebugUIPlugin$2.run(DebugUIPlugin.java:1224)
	at org.eclipse.core.internal.jobs.Worker.run(Worker.java:63)
Caused by: java.lang.NullPointerException
	at com.st.stm32cube.ide.mcu.debug.stlink.StLinkDebugHardware.verifyServer(StLinkDebugHardware.java:1669)
	at com.st.stm32cube.ide.mcu.debug.launch.export.HardwareDebugUtil.startServer(HardwareDebugUtil.java:183)
	at com.st.stm32cube.ide.mcu.debug.launch.export.HardwareDebugUtil.startServer(HardwareDebugUtil.java:91)
	at com.st.stm32cube.ide.mcu.debug.launch.LaunchSequenceUtil.stepStartGDBServer(LaunchSequenceUtil.java:230)
	at com.st.stm32cube.ide.mcu.debug.launch.GDBExtendedJtagDSFFinalLaunchSequence_7_12.stepStartGDBServer(GDBExtendedJtagDSFFinalLaunchSequence_7_12.java:100)
	at java.base/jdk.internal.reflect.NativeMethodAccessorImpl.invoke0(Native Method)
	at java.base/jdk.internal.reflect.NativeMethodAccessorImpl.invoke(NativeMethodAccessorImpl.java:62)
	at java.base/jdk.internal.reflect.DelegatingMethodAccessorImpl.invoke(DelegatingMethodAccessorImpl.java:43)
	at java.base/java.lang.reflect.Method.invoke(Method.java:566)
	at org.eclipse.cdt.dsf.concurrent.ReflectionSequence$ReflectionStep.execute(ReflectionSequence.java:160)
	at org.eclipse.cdt.dsf.concurrent.Sequence.executeStep(Sequence.java:475)
	at org.eclipse.cdt.dsf.concurrent.Sequence$2.handleSuccess(Sequence.java:437)
	at org.eclipse.cdt.dsf.concurrent.RequestMonitor.handleCompleted(RequestMonitor.java:391)
	at org.eclipse.cdt.dsf.concurrent.RequestMonitor$2.run(RequestMonitor.java:317)
	at java.base/java.util.concurrent.Executors$RunnableAdapter.call(Executors.java:515)
	at java.base/java.util.concurrent.FutureTask.run(FutureTask.java:264)
	at java.base/java.util.concurrent.ScheduledThreadPoolExecutor$ScheduledFutureTask.run(ScheduledThreadPoolExecutor.java:304)
	at java.base/java.util.concurrent.ThreadPoolExecutor.runWorker(ThreadPoolExecutor.java:1128)
	at java.base/java.util.concurrent.ThreadPoolExecutor$Worker.run(ThreadPoolExecutor.java:628)
	at java.base/java.lang.Thread.run(Thread.java:834)
!SUBENTRY 1 com.st.stm32cube.ide.mcu.debug.launch 4 0 2022-11-17 23:36:27.879
!MESSAGE Failed to start GDB server
!STACK 0
java.lang.NullPointerException
	at com.st.stm32cube.ide.mcu.debug.stlink.StLinkDebugHardware.verifyServer(StLinkDebugHardware.java:1669)
	at com.st.stm32cube.ide.mcu.debug.launch.export.HardwareDebugUtil.startServer(HardwareDebugUtil.java:183)
	at com.st.stm32cube.ide.mcu.debug.launch.export.HardwareDebugUtil.startServer(HardwareDebugUtil.java:91)
	at com.st.stm32cube.ide.mcu.debug.launch.LaunchSequenceUtil.stepStartGDBServer(LaunchSequenceUtil.java:230)
	at com.st.stm32cube.ide.mcu.debug.launch.GDBExtendedJtagDSFFinalLaunchSequence_7_12.stepStartGDBServer(GDBExtendedJtagDSFFinalLaunchSequence_7_12.java:100)
	at java.base/jdk.internal.reflect.NativeMethodAccessorImpl.invoke0(Native Method)
	at java.base/jdk.internal.reflect.NativeMethodAccessorImpl.invoke(NativeMethodAccessorImpl.java:62)
	at java.base/jdk.internal.reflect.DelegatingMethodAccessorImpl.invoke(DelegatingMethodAccessorImpl.java:43)
	at java.base/java.lang.reflect.Method.invoke(Method.java:566)
	at org.eclipse.cdt.dsf.concurrent.ReflectionSequence$ReflectionStep.execute(ReflectionSequence.java:160)
	at org.eclipse.cdt.dsf.concurrent.Sequence.executeStep(Sequence.java:475)
	at org.eclipse.cdt.dsf.concurrent.Sequence$2.handleSuccess(Sequence.java:437)
	at org.eclipse.cdt.dsf.concurrent.RequestMonitor.handleCompleted(RequestMonitor.java:391)
	at org.eclipse.cdt.dsf.concurrent.RequestMonitor$2.run(RequestMonitor.java:317)
	at java.base/java.util.concurrent.Executors$RunnableAdapter.call(Executors.java:515)
	at java.base/java.util.concurrent.FutureTask.run(FutureTask.java:264)
	at java.base/java.util.concurrent.ScheduledThreadPoolExecutor$ScheduledFutureTask.run(ScheduledThreadPoolExecutor.java:304)
	at java.base/java.util.concurrent.ThreadPoolExecutor.runWorker(ThreadPoolExecutor.java:1128)
	at java.base/java.util.concurrent.ThreadPoolExecutor$Worker.run(ThreadPoolExecutor.java:628)
	at java.base/java.lang.Thread.run(Thread.java:834)

!ENTRY org.eclipse.cdt.dsf.gdb 4 5012 2022-11-17 23:36:42.519
!MESSAGE Error in final launch sequence:

Failed to start GDB server
!STACK 1
org.eclipse.core.runtime.CoreException: Failed to start GDB server
	at org.eclipse.cdt.dsf.concurrent.Query.get(Query.java:112)
	at org.eclipse.cdt.dsf.gdb.launching.GdbLaunchDelegate.launchDebugSession(GdbLaunchDelegate.java:251)
	at org.eclipse.cdt.dsf.gdb.launching.GdbLaunchDelegate.launchDebugger(GdbLaunchDelegate.java:108)
	at org.eclipse.cdt.dsf.gdb.launching.GdbLaunchDelegate.launch(GdbLaunchDelegate.java:96)
	at com.st.stm32cube.ide.mcu.debug.launch.DSFDelegate.launch(DSFDelegate.java:305)
	at org.eclipse.debug.internal.core.LaunchConfiguration.launch(LaunchConfiguration.java:803)
	at org.eclipse.debug.internal.core.LaunchConfiguration.launch(LaunchConfiguration.java:716)
	at org.eclipse.debug.internal.ui.DebugUIPlugin.buildAndLaunch(DebugUIPlugin.java:1021)
	at org.eclipse.debug.internal.ui.DebugUIPlugin$2.run(DebugUIPlugin.java:1224)
	at org.eclipse.core.internal.jobs.Worker.run(Worker.java:63)
Caused by: java.lang.NullPointerException
	at com.st.stm32cube.ide.mcu.debug.stlink.StLinkDebugHardware.verifyServer(StLinkDebugHardware.java:1669)
	at com.st.stm32cube.ide.mcu.debug.launch.export.HardwareDebugUtil.startServer(HardwareDebugUtil.java:183)
	at com.st.stm32cube.ide.mcu.debug.launch.export.HardwareDebugUtil.startServer(HardwareDebugUtil.java:91)
	at com.st.stm32cube.ide.mcu.debug.launch.LaunchSequenceUtil.stepStartGDBServer(LaunchSequenceUtil.java:230)
	at com.st.stm32cube.ide.mcu.debug.launch.GDBExtendedJtagDSFFinalLaunchSequence_7_12.stepStartGDBServer(GDBExtendedJtagDSFFinalLaunchSequence_7_12.java:100)
	at java.base/jdk.internal.reflect.NativeMethodAccessorImpl.invoke0(Native Method)
	at java.base/jdk.internal.reflect.NativeMethodAccessorImpl.invoke(NativeMethodAccessorImpl.java:62)
	at java.base/jdk.internal.reflect.DelegatingMethodAccessorImpl.invoke(DelegatingMethodAccessorImpl.java:43)
	at java.base/java.lang.reflect.Method.invoke(Method.java:566)
	at org.eclipse.cdt.dsf.concurrent.ReflectionSequence$ReflectionStep.execute(ReflectionSequence.java:160)
	at org.eclipse.cdt.dsf.concurrent.Sequence.executeStep(Sequence.java:475)
	at org.eclipse.cdt.dsf.concurrent.Sequence$2.handleSuccess(Sequence.java:437)
	at org.eclipse.cdt.dsf.concurrent.RequestMonitor.handleCompleted(RequestMonitor.java:391)
	at org.eclipse.cdt.dsf.concurrent.RequestMonitor$2.run(RequestMonitor.java:317)
	at java.base/java.util.concurrent.Executors$RunnableAdapter.call(Executors.java:515)
	at java.base/java.util.concurrent.FutureTask.run(FutureTask.java:264)
	at java.base/java.util.concurrent.ScheduledThreadPoolExecutor$ScheduledFutureTask.run(ScheduledThreadPoolExecutor.java:304)
	at java.base/java.util.concurrent.ThreadPoolExecutor.runWorker(ThreadPoolExecutor.java:1128)
	at java.base/java.util.concurrent.ThreadPoolExecutor$Worker.run(ThreadPoolExecutor.java:628)
	at java.base/java.lang.Thread.run(Thread.java:834)
!SUBENTRY 1 com.st.stm32cube.ide.mcu.debug.launch 4 0 2022-11-17 23:36:42.519
!MESSAGE Failed to start GDB server
!STACK 0
java.lang.NullPointerException
	at com.st.stm32cube.ide.mcu.debug.stlink.StLinkDebugHardware.verifyServer(StLinkDebugHardware.java:1669)
	at com.st.stm32cube.ide.mcu.debug.launch.export.HardwareDebugUtil.startServer(HardwareDebugUtil.java:183)
	at com.st.stm32cube.ide.mcu.debug.launch.export.HardwareDebugUtil.startServer(HardwareDebugUtil.java:91)
	at com.st.stm32cube.ide.mcu.debug.launch.LaunchSequenceUtil.stepStartGDBServer(LaunchSequenceUtil.java:230)
	at com.st.stm32cube.ide.mcu.debug.launch.GDBExtendedJtagDSFFinalLaunchSequence_7_12.stepStartGDBServer(GDBExtendedJtagDSFFinalLaunchSequence_7_12.java:100)
	at java.base/jdk.internal.reflect.NativeMethodAccessorImpl.invoke0(Native Method)
	at java.base/jdk.internal.reflect.NativeMethodAccessorImpl.invoke(NativeMethodAccessorImpl.java:62)
	at java.base/jdk.internal.reflect.DelegatingMethodAccessorImpl.invoke(DelegatingMethodAccessorImpl.java:43)
	at java.base/java.lang.reflect.Method.invoke(Method.java:566)
	at org.eclipse.cdt.dsf.concurrent.ReflectionSequence$ReflectionStep.execute(ReflectionSequence.java:160)
	at org.eclipse.cdt.dsf.concurrent.Sequence.executeStep(Sequence.java:475)
	at org.eclipse.cdt.dsf.concurrent.Sequence$2.handleSuccess(Sequence.java:437)
	at org.eclipse.cdt.dsf.concurrent.RequestMonitor.handleCompleted(RequestMonitor.java:391)
	at org.eclipse.cdt.dsf.concurrent.RequestMonitor$2.run(RequestMonitor.java:317)
	at java.base/java.util.concurrent.Executors$RunnableAdapter.call(Executors.java:515)
	at java.base/java.util.concurrent.FutureTask.run(FutureTask.java:264)
	at java.base/java.util.concurrent.ScheduledThreadPoolExecutor$ScheduledFutureTask.run(ScheduledThreadPoolExecutor.java:304)
	at java.base/java.util.concurrent.ThreadPoolExecutor.runWorker(ThreadPoolExecutor.java:1128)
	at java.base/java.util.concurrent.ThreadPoolExecutor$Worker.run(ThreadPoolExecutor.java:628)
	at java.base/java.lang.Thread.run(Thread.java:834)

!ENTRY org.eclipse.cdt.dsf.gdb 4 5012 2022-11-17 23:36:57.221
!MESSAGE Error in final launch sequence:

Failed to start GDB server
!STACK 1
org.eclipse.core.runtime.CoreException: Failed to start GDB server
	at org.eclipse.cdt.dsf.concurrent.Query.get(Query.java:112)
	at org.eclipse.cdt.dsf.gdb.launching.GdbLaunchDelegate.launchDebugSession(GdbLaunchDelegate.java:251)
	at org.eclipse.cdt.dsf.gdb.launching.GdbLaunchDelegate.launchDebugger(GdbLaunchDelegate.java:108)
	at org.eclipse.cdt.dsf.gdb.launching.GdbLaunchDelegate.launch(GdbLaunchDelegate.java:96)
	at com.st.stm32cube.ide.mcu.debug.launch.DSFDelegate.launch(DSFDelegate.java:307)
	at org.eclipse.debug.internal.core.LaunchConfiguration.launch(LaunchConfiguration.java:803)
	at org.eclipse.debug.internal.core.LaunchConfiguration.launch(LaunchConfiguration.java:716)
	at org.eclipse.debug.internal.ui.DebugUIPlugin.buildAndLaunch(DebugUIPlugin.java:1021)
	at org.eclipse.debug.internal.ui.DebugUIPlugin$2.run(DebugUIPlugin.java:1224)
	at org.eclipse.core.internal.jobs.Worker.run(Worker.java:63)
Caused by: java.lang.NullPointerException
	at com.st.stm32cube.ide.mcu.debug.stlink.StLinkDebugHardware.verifyServer(StLinkDebugHardware.java:1669)
	at com.st.stm32cube.ide.mcu.debug.launch.export.HardwareDebugUtil.startServer(HardwareDebugUtil.java:183)
	at com.st.stm32cube.ide.mcu.debug.launch.export.HardwareDebugUtil.startServer(HardwareDebugUtil.java:91)
	at com.st.stm32cube.ide.mcu.debug.launch.LaunchSequenceUtil.stepStartGDBServer(LaunchSequenceUtil.java:230)
	at com.st.stm32cube.ide.mcu.debug.launch.GDBExtendedJtagDSFFinalLaunchSequence_7_12.stepStartGDBServer(GDBExtendedJtagDSFFinalLaunchSequence_7_12.java:100)
	at java.base/jdk.internal.reflect.NativeMethodAccessorImpl.invoke0(Native Method)
	at java.base/jdk.internal.reflect.NativeMethodAccessorImpl.invoke(NativeMethodAccessorImpl.java:62)
	at java.base/jdk.internal.reflect.DelegatingMethodAccessorImpl.invoke(DelegatingMethodAccessorImpl.java:43)
	at java.base/java.lang.reflect.Method.invoke(Method.java:566)
	at org.eclipse.cdt.dsf.concurrent.ReflectionSequence$ReflectionStep.execute(ReflectionSequence.java:160)
	at org.eclipse.cdt.dsf.concurrent.Sequence.executeStep(Sequence.java:475)
	at org.eclipse.cdt.dsf.concurrent.Sequence$2.handleSuccess(Sequence.java:437)
	at org.eclipse.cdt.dsf.concurrent.RequestMonitor.handleCompleted(RequestMonitor.java:391)
	at org.eclipse.cdt.dsf.concurrent.RequestMonitor$2.run(RequestMonitor.java:317)
	at java.base/java.util.concurrent.Executors$RunnableAdapter.call(Executors.java:515)
	at java.base/java.util.concurrent.FutureTask.run(FutureTask.java:264)
	at java.base/java.util.concurrent.ScheduledThreadPoolExecutor$ScheduledFutureTask.run(ScheduledThreadPoolExecutor.java:304)
	at java.base/java.util.concurrent.ThreadPoolExecutor.runWorker(ThreadPoolExecutor.java:1128)
	at java.base/java.util.concurrent.ThreadPoolExecutor$Worker.run(ThreadPoolExecutor.java:628)
	at java.base/java.lang.Thread.run(Thread.java:834)
!SUBENTRY 1 com.st.stm32cube.ide.mcu.debug.launch 4 0 2022-11-17 23:36:57.221
!MESSAGE Failed to start GDB server
!STACK 0
java.lang.NullPointerException
	at com.st.stm32cube.ide.mcu.debug.stlink.StLinkDebugHardware.verifyServer(StLinkDebugHardware.java:1669)
	at com.st.stm32cube.ide.mcu.debug.launch.export.HardwareDebugUtil.startServer(HardwareDebugUtil.java:183)
	at com.st.stm32cube.ide.mcu.debug.launch.export.HardwareDebugUtil.startServer(HardwareDebugUtil.java:91)
	at com.st.stm32cube.ide.mcu.debug.launch.LaunchSequenceUtil.stepStartGDBServer(LaunchSequenceUtil.java:230)
	at com.st.stm32cube.ide.mcu.debug.launch.GDBExtendedJtagDSFFinalLaunchSequence_7_12.stepStartGDBServer(GDBExtendedJtagDSFFinalLaunchSequence_7_12.java:100)
	at java.base/jdk.internal.reflect.NativeMethodAccessorImpl.invoke0(Native Method)
	at java.base/jdk.internal.reflect.NativeMethodAccessorImpl.invoke(NativeMethodAccessorImpl.java:62)
	at java.base/jdk.internal.reflect.DelegatingMethodAccessorImpl.invoke(DelegatingMethodAccessorImpl.java:43)
	at java.base/java.lang.reflect.Method.invoke(Method.java:566)
	at org.eclipse.cdt.dsf.concurrent.ReflectionSequence$ReflectionStep.execute(ReflectionSequence.java:160)
	at org.eclipse.cdt.dsf.concurrent.Sequence.executeStep(Sequence.java:475)
	at org.eclipse.cdt.dsf.concurrent.Sequence$2.handleSuccess(Sequence.java:437)
	at org.eclipse.cdt.dsf.concurrent.RequestMonitor.handleCompleted(RequestMonitor.java:391)
	at org.eclipse.cdt.dsf.concurrent.RequestMonitor$2.run(RequestMonitor.java:317)
	at java.base/java.util.concurrent.Executors$RunnableAdapter.call(Executors.java:515)
	at java.base/java.util.concurrent.FutureTask.run(FutureTask.java:264)
	at java.base/java.util.concurrent.ScheduledThreadPoolExecutor$ScheduledFutureTask.run(ScheduledThreadPoolExecutor.java:304)
	at java.base/java.util.concurrent.ThreadPoolExecutor.runWorker(ThreadPoolExecutor.java:1128)
	at java.base/java.util.concurrent.ThreadPoolExecutor$Worker.run(ThreadPoolExecutor.java:628)
	at java.base/java.lang.Thread.run(Thread.java:834)
!SESSION 2022-11-17 23:37:15.906 -----------------------------------------------
eclipse.buildId=Version 1.7.0
java.version=11.0.10
java.vendor=AdoptOpenJDK
BootLoader constants: OS=win32, ARCH=x86_64, WS=win32, NL=en_US
Command-line arguments:  -os win32 -ws win32 -arch x86_64

!ENTRY com.st.stm32cube.ide.mcu.informationcenter 4 4 2022-11-17 23:37:24.114
!MESSAGE CubeMX plugin appears to be active, Log4j initialization might be too late.

!ENTRY com.st.stm32cube.ide.mcu.informationcenter 1 1 2022-11-17 23:37:24.163
!MESSAGE Log4j initialized with config file E:\OneDrive\FileBK_next\DoAn\Expansion_shield_STMNucleo\.metadata\.log4j.xml

!ENTRY com.st.stm32cube.ide.mcu.ide 1 1 2022-11-17 23:37:34.415
!MESSAGE Started RMI Server, listening on port 41337

!ENTRY org.eclipse.cdt.dsf.gdb 4 5012 2022-11-17 23:38:38.261
!MESSAGE Error in final launch sequence:

Failed to start GDB server
!STACK 1
org.eclipse.core.runtime.CoreException: Failed to start GDB server
	at org.eclipse.cdt.dsf.concurrent.Query.get(Query.java:112)
	at org.eclipse.cdt.dsf.gdb.launching.GdbLaunchDelegate.launchDebugSession(GdbLaunchDelegate.java:251)
	at org.eclipse.cdt.dsf.gdb.launching.GdbLaunchDelegate.launchDebugger(GdbLaunchDelegate.java:108)
	at org.eclipse.cdt.dsf.gdb.launching.GdbLaunchDelegate.launch(GdbLaunchDelegate.java:96)
	at com.st.stm32cube.ide.mcu.debug.launch.DSFDelegate.launch(DSFDelegate.java:305)
	at org.eclipse.debug.internal.core.LaunchConfiguration.launch(LaunchConfiguration.java:803)
	at org.eclipse.debug.internal.core.LaunchConfiguration.launch(LaunchConfiguration.java:716)
	at org.eclipse.debug.internal.ui.DebugUIPlugin.buildAndLaunch(DebugUIPlugin.java:1021)
	at org.eclipse.debug.internal.ui.DebugUIPlugin$2.run(DebugUIPlugin.java:1224)
	at org.eclipse.core.internal.jobs.Worker.run(Worker.java:63)
Caused by: java.lang.NullPointerException
	at com.st.stm32cube.ide.mcu.debug.stlink.StLinkDebugHardware.verifyServer(StLinkDebugHardware.java:1669)
	at com.st.stm32cube.ide.mcu.debug.launch.export.HardwareDebugUtil.startServer(HardwareDebugUtil.java:183)
	at com.st.stm32cube.ide.mcu.debug.launch.export.HardwareDebugUtil.startServer(HardwareDebugUtil.java:91)
	at com.st.stm32cube.ide.mcu.debug.launch.LaunchSequenceUtil.stepStartGDBServer(LaunchSequenceUtil.java:230)
	at com.st.stm32cube.ide.mcu.debug.launch.GDBExtendedJtagDSFFinalLaunchSequence_7_12.stepStartGDBServer(GDBExtendedJtagDSFFinalLaunchSequence_7_12.java:100)
	at java.base/jdk.internal.reflect.NativeMethodAccessorImpl.invoke0(Native Method)
	at java.base/jdk.internal.reflect.NativeMethodAccessorImpl.invoke(NativeMethodAccessorImpl.java:62)
	at java.base/jdk.internal.reflect.DelegatingMethodAccessorImpl.invoke(DelegatingMethodAccessorImpl.java:43)
	at java.base/java.lang.reflect.Method.invoke(Method.java:566)
	at org.eclipse.cdt.dsf.concurrent.ReflectionSequence$ReflectionStep.execute(ReflectionSequence.java:160)
	at org.eclipse.cdt.dsf.concurrent.Sequence.executeStep(Sequence.java:475)
	at org.eclipse.cdt.dsf.concurrent.Sequence$2.handleSuccess(Sequence.java:437)
	at org.eclipse.cdt.dsf.concurrent.RequestMonitor.handleCompleted(RequestMonitor.java:391)
	at org.eclipse.cdt.dsf.concurrent.RequestMonitor$2.run(RequestMonitor.java:317)
	at java.base/java.util.concurrent.Executors$RunnableAdapter.call(Executors.java:515)
	at java.base/java.util.concurrent.FutureTask.run(FutureTask.java:264)
	at java.base/java.util.concurrent.ScheduledThreadPoolExecutor$ScheduledFutureTask.run(ScheduledThreadPoolExecutor.java:304)
	at java.base/java.util.concurrent.ThreadPoolExecutor.runWorker(ThreadPoolExecutor.java:1128)
	at java.base/java.util.concurrent.ThreadPoolExecutor$Worker.run(ThreadPoolExecutor.java:628)
	at java.base/java.lang.Thread.run(Thread.java:834)
!SUBENTRY 1 com.st.stm32cube.ide.mcu.debug.launch 4 0 2022-11-17 23:38:38.262
!MESSAGE Failed to start GDB server
!STACK 0
java.lang.NullPointerException
	at com.st.stm32cube.ide.mcu.debug.stlink.StLinkDebugHardware.verifyServer(StLinkDebugHardware.java:1669)
	at com.st.stm32cube.ide.mcu.debug.launch.export.HardwareDebugUtil.startServer(HardwareDebugUtil.java:183)
	at com.st.stm32cube.ide.mcu.debug.launch.export.HardwareDebugUtil.startServer(HardwareDebugUtil.java:91)
	at com.st.stm32cube.ide.mcu.debug.launch.LaunchSequenceUtil.stepStartGDBServer(LaunchSequenceUtil.java:230)
	at com.st.stm32cube.ide.mcu.debug.launch.GDBExtendedJtagDSFFinalLaunchSequence_7_12.stepStartGDBServer(GDBExtendedJtagDSFFinalLaunchSequence_7_12.java:100)
	at java.base/jdk.internal.reflect.NativeMethodAccessorImpl.invoke0(Native Method)
	at java.base/jdk.internal.reflect.NativeMethodAccessorImpl.invoke(NativeMethodAccessorImpl.java:62)
	at java.base/jdk.internal.reflect.DelegatingMethodAccessorImpl.invoke(DelegatingMethodAccessorImpl.java:43)
	at java.base/java.lang.reflect.Method.invoke(Method.java:566)
	at org.eclipse.cdt.dsf.concurrent.ReflectionSequence$ReflectionStep.execute(ReflectionSequence.java:160)
	at org.eclipse.cdt.dsf.concurrent.Sequence.executeStep(Sequence.java:475)
	at org.eclipse.cdt.dsf.concurrent.Sequence$2.handleSuccess(Sequence.java:437)
	at org.eclipse.cdt.dsf.concurrent.RequestMonitor.handleCompleted(RequestMonitor.java:391)
	at org.eclipse.cdt.dsf.concurrent.RequestMonitor$2.run(RequestMonitor.java:317)
	at java.base/java.util.concurrent.Executors$RunnableAdapter.call(Executors.java:515)
	at java.base/java.util.concurrent.FutureTask.run(FutureTask.java:264)
	at java.base/java.util.concurrent.ScheduledThreadPoolExecutor$ScheduledFutureTask.run(ScheduledThreadPoolExecutor.java:304)
	at java.base/java.util.concurrent.ThreadPoolExecutor.runWorker(ThreadPoolExecutor.java:1128)
	at java.base/java.util.concurrent.ThreadPoolExecutor$Worker.run(ThreadPoolExecutor.java:628)
	at java.base/java.lang.Thread.run(Thread.java:834)

!ENTRY org.eclipse.cdt.dsf.gdb 4 5012 2022-11-17 23:40:30.654
!MESSAGE Error in final launch sequence:

Failed to start GDB server
!STACK 1
org.eclipse.core.runtime.CoreException: Failed to start GDB server
	at org.eclipse.cdt.dsf.concurrent.Query.get(Query.java:112)
	at org.eclipse.cdt.dsf.gdb.launching.GdbLaunchDelegate.launchDebugSession(GdbLaunchDelegate.java:251)
	at org.eclipse.cdt.dsf.gdb.launching.GdbLaunchDelegate.launchDebugger(GdbLaunchDelegate.java:108)
	at org.eclipse.cdt.dsf.gdb.launching.GdbLaunchDelegate.launch(GdbLaunchDelegate.java:96)
	at com.st.stm32cube.ide.mcu.debug.launch.DSFDelegate.launch(DSFDelegate.java:305)
	at org.eclipse.debug.internal.core.LaunchConfiguration.launch(LaunchConfiguration.java:803)
	at org.eclipse.debug.internal.core.LaunchConfiguration.launch(LaunchConfiguration.java:716)
	at org.eclipse.debug.internal.ui.DebugUIPlugin.buildAndLaunch(DebugUIPlugin.java:1021)
	at org.eclipse.debug.internal.ui.DebugUIPlugin$2.run(DebugUIPlugin.java:1224)
	at org.eclipse.core.internal.jobs.Worker.run(Worker.java:63)
Caused by: java.lang.NullPointerException
	at com.st.stm32cube.ide.mcu.debug.stlink.StLinkDebugHardware.verifyServer(StLinkDebugHardware.java:1669)
	at com.st.stm32cube.ide.mcu.debug.launch.export.HardwareDebugUtil.startServer(HardwareDebugUtil.java:183)
	at com.st.stm32cube.ide.mcu.debug.launch.export.HardwareDebugUtil.startServer(HardwareDebugUtil.java:91)
	at com.st.stm32cube.ide.mcu.debug.launch.LaunchSequenceUtil.stepStartGDBServer(LaunchSequenceUtil.java:230)
	at com.st.stm32cube.ide.mcu.debug.launch.GDBExtendedJtagDSFFinalLaunchSequence_7_12.stepStartGDBServer(GDBExtendedJtagDSFFinalLaunchSequence_7_12.java:100)
	at java.base/jdk.internal.reflect.NativeMethodAccessorImpl.invoke0(Native Method)
	at java.base/jdk.internal.reflect.NativeMethodAccessorImpl.invoke(NativeMethodAccessorImpl.java:62)
	at java.base/jdk.internal.reflect.DelegatingMethodAccessorImpl.invoke(DelegatingMethodAccessorImpl.java:43)
	at java.base/java.lang.reflect.Method.invoke(Method.java:566)
	at org.eclipse.cdt.dsf.concurrent.ReflectionSequence$ReflectionStep.execute(ReflectionSequence.java:160)
	at org.eclipse.cdt.dsf.concurrent.Sequence.executeStep(Sequence.java:475)
	at org.eclipse.cdt.dsf.concurrent.Sequence$2.handleSuccess(Sequence.java:437)
	at org.eclipse.cdt.dsf.concurrent.RequestMonitor.handleCompleted(RequestMonitor.java:391)
	at org.eclipse.cdt.dsf.concurrent.RequestMonitor$2.run(RequestMonitor.java:317)
	at java.base/java.util.concurrent.Executors$RunnableAdapter.call(Executors.java:515)
	at java.base/java.util.concurrent.FutureTask.run(FutureTask.java:264)
	at java.base/java.util.concurrent.ScheduledThreadPoolExecutor$ScheduledFutureTask.run(ScheduledThreadPoolExecutor.java:304)
	at java.base/java.util.concurrent.ThreadPoolExecutor.runWorker(ThreadPoolExecutor.java:1128)
	at java.base/java.util.concurrent.ThreadPoolExecutor$Worker.run(ThreadPoolExecutor.java:628)
	at java.base/java.lang.Thread.run(Thread.java:834)
!SUBENTRY 1 com.st.stm32cube.ide.mcu.debug.launch 4 0 2022-11-17 23:40:30.654
!MESSAGE Failed to start GDB server
!STACK 0
java.lang.NullPointerException
	at com.st.stm32cube.ide.mcu.debug.stlink.StLinkDebugHardware.verifyServer(StLinkDebugHardware.java:1669)
	at com.st.stm32cube.ide.mcu.debug.launch.export.HardwareDebugUtil.startServer(HardwareDebugUtil.java:183)
	at com.st.stm32cube.ide.mcu.debug.launch.export.HardwareDebugUtil.startServer(HardwareDebugUtil.java:91)
	at com.st.stm32cube.ide.mcu.debug.launch.LaunchSequenceUtil.stepStartGDBServer(LaunchSequenceUtil.java:230)
	at com.st.stm32cube.ide.mcu.debug.launch.GDBExtendedJtagDSFFinalLaunchSequence_7_12.stepStartGDBServer(GDBExtendedJtagDSFFinalLaunchSequence_7_12.java:100)
	at java.base/jdk.internal.reflect.NativeMethodAccessorImpl.invoke0(Native Method)
	at java.base/jdk.internal.reflect.NativeMethodAccessorImpl.invoke(NativeMethodAccessorImpl.java:62)
	at java.base/jdk.internal.reflect.DelegatingMethodAccessorImpl.invoke(DelegatingMethodAccessorImpl.java:43)
	at java.base/java.lang.reflect.Method.invoke(Method.java:566)
	at org.eclipse.cdt.dsf.concurrent.ReflectionSequence$ReflectionStep.execute(ReflectionSequence.java:160)
	at org.eclipse.cdt.dsf.concurrent.Sequence.executeStep(Sequence.java:475)
	at org.eclipse.cdt.dsf.concurrent.Sequence$2.handleSuccess(Sequence.java:437)
	at org.eclipse.cdt.dsf.concurrent.RequestMonitor.handleCompleted(RequestMonitor.java:391)
	at org.eclipse.cdt.dsf.concurrent.RequestMonitor$2.run(RequestMonitor.java:317)
	at java.base/java.util.concurrent.Executors$RunnableAdapter.call(Executors.java:515)
	at java.base/java.util.concurrent.FutureTask.run(FutureTask.java:264)
	at java.base/java.util.concurrent.ScheduledThreadPoolExecutor$ScheduledFutureTask.run(ScheduledThreadPoolExecutor.java:304)
	at java.base/java.util.concurrent.ThreadPoolExecutor.runWorker(ThreadPoolExecutor.java:1128)
	at java.base/java.util.concurrent.ThreadPoolExecutor$Worker.run(ThreadPoolExecutor.java:628)
	at java.base/java.lang.Thread.run(Thread.java:834)

!ENTRY org.eclipse.cdt.dsf.gdb 4 5012 2022-11-17 23:42:23.679
!MESSAGE Error in final launch sequence:

Failed to start GDB server
!STACK 1
org.eclipse.core.runtime.CoreException: Failed to start GDB server
	at org.eclipse.cdt.dsf.concurrent.Query.get(Query.java:112)
	at org.eclipse.cdt.dsf.gdb.launching.GdbLaunchDelegate.launchDebugSession(GdbLaunchDelegate.java:251)
	at org.eclipse.cdt.dsf.gdb.launching.GdbLaunchDelegate.launchDebugger(GdbLaunchDelegate.java:108)
	at org.eclipse.cdt.dsf.gdb.launching.GdbLaunchDelegate.launch(GdbLaunchDelegate.java:96)
	at com.st.stm32cube.ide.mcu.debug.launch.DSFDelegate.launch(DSFDelegate.java:305)
	at org.eclipse.debug.internal.core.LaunchConfiguration.launch(LaunchConfiguration.java:803)
	at org.eclipse.debug.internal.core.LaunchConfiguration.launch(LaunchConfiguration.java:716)
	at org.eclipse.debug.internal.ui.DebugUIPlugin.buildAndLaunch(DebugUIPlugin.java:1021)
	at org.eclipse.debug.internal.ui.DebugUIPlugin$2.run(DebugUIPlugin.java:1224)
	at org.eclipse.core.internal.jobs.Worker.run(Worker.java:63)
Caused by: java.lang.NullPointerException
	at com.st.stm32cube.ide.mcu.debug.stlink.StLinkDebugHardware.verifyServer(StLinkDebugHardware.java:1669)
	at com.st.stm32cube.ide.mcu.debug.launch.export.HardwareDebugUtil.startServer(HardwareDebugUtil.java:183)
	at com.st.stm32cube.ide.mcu.debug.launch.export.HardwareDebugUtil.startServer(HardwareDebugUtil.java:91)
	at com.st.stm32cube.ide.mcu.debug.launch.LaunchSequenceUtil.stepStartGDBServer(LaunchSequenceUtil.java:230)
	at com.st.stm32cube.ide.mcu.debug.launch.GDBExtendedJtagDSFFinalLaunchSequence_7_12.stepStartGDBServer(GDBExtendedJtagDSFFinalLaunchSequence_7_12.java:100)
	at java.base/jdk.internal.reflect.NativeMethodAccessorImpl.invoke0(Native Method)
	at java.base/jdk.internal.reflect.NativeMethodAccessorImpl.invoke(NativeMethodAccessorImpl.java:62)
	at java.base/jdk.internal.reflect.DelegatingMethodAccessorImpl.invoke(DelegatingMethodAccessorImpl.java:43)
	at java.base/java.lang.reflect.Method.invoke(Method.java:566)
	at org.eclipse.cdt.dsf.concurrent.ReflectionSequence$ReflectionStep.execute(ReflectionSequence.java:160)
	at org.eclipse.cdt.dsf.concurrent.Sequence.executeStep(Sequence.java:475)
	at org.eclipse.cdt.dsf.concurrent.Sequence$2.handleSuccess(Sequence.java:437)
	at org.eclipse.cdt.dsf.concurrent.RequestMonitor.handleCompleted(RequestMonitor.java:391)
	at org.eclipse.cdt.dsf.concurrent.RequestMonitor$2.run(RequestMonitor.java:317)
	at java.base/java.util.concurrent.Executors$RunnableAdapter.call(Executors.java:515)
	at java.base/java.util.concurrent.FutureTask.run(FutureTask.java:264)
	at java.base/java.util.concurrent.ScheduledThreadPoolExecutor$ScheduledFutureTask.run(ScheduledThreadPoolExecutor.java:304)
	at java.base/java.util.concurrent.ThreadPoolExecutor.runWorker(ThreadPoolExecutor.java:1128)
	at java.base/java.util.concurrent.ThreadPoolExecutor$Worker.run(ThreadPoolExecutor.java:628)
	at java.base/java.lang.Thread.run(Thread.java:834)
!SUBENTRY 1 com.st.stm32cube.ide.mcu.debug.launch 4 0 2022-11-17 23:42:23.680
!MESSAGE Failed to start GDB server
!STACK 0
java.lang.NullPointerException
	at com.st.stm32cube.ide.mcu.debug.stlink.StLinkDebugHardware.verifyServer(StLinkDebugHardware.java:1669)
	at com.st.stm32cube.ide.mcu.debug.launch.export.HardwareDebugUtil.startServer(HardwareDebugUtil.java:183)
	at com.st.stm32cube.ide.mcu.debug.launch.export.HardwareDebugUtil.startServer(HardwareDebugUtil.java:91)
	at com.st.stm32cube.ide.mcu.debug.launch.LaunchSequenceUtil.stepStartGDBServer(LaunchSequenceUtil.java:230)
	at com.st.stm32cube.ide.mcu.debug.launch.GDBExtendedJtagDSFFinalLaunchSequence_7_12.stepStartGDBServer(GDBExtendedJtagDSFFinalLaunchSequence_7_12.java:100)
	at java.base/jdk.internal.reflect.NativeMethodAccessorImpl.invoke0(Native Method)
	at java.base/jdk.internal.reflect.NativeMethodAccessorImpl.invoke(NativeMethodAccessorImpl.java:62)
	at java.base/jdk.internal.reflect.DelegatingMethodAccessorImpl.invoke(DelegatingMethodAccessorImpl.java:43)
	at java.base/java.lang.reflect.Method.invoke(Method.java:566)
	at org.eclipse.cdt.dsf.concurrent.ReflectionSequence$ReflectionStep.execute(ReflectionSequence.java:160)
	at org.eclipse.cdt.dsf.concurrent.Sequence.executeStep(Sequence.java:475)
	at org.eclipse.cdt.dsf.concurrent.Sequence$2.handleSuccess(Sequence.java:437)
	at org.eclipse.cdt.dsf.concurrent.RequestMonitor.handleCompleted(RequestMonitor.java:391)
	at org.eclipse.cdt.dsf.concurrent.RequestMonitor$2.run(RequestMonitor.java:317)
	at java.base/java.util.concurrent.Executors$RunnableAdapter.call(Executors.java:515)
	at java.base/java.util.concurrent.FutureTask.run(FutureTask.java:264)
	at java.base/java.util.concurrent.ScheduledThreadPoolExecutor$ScheduledFutureTask.run(ScheduledThreadPoolExecutor.java:304)
	at java.base/java.util.concurrent.ThreadPoolExecutor.runWorker(ThreadPoolExecutor.java:1128)
	at java.base/java.util.concurrent.ThreadPoolExecutor$Worker.run(ThreadPoolExecutor.java:628)
	at java.base/java.lang.Thread.run(Thread.java:834)

!ENTRY org.eclipse.equinox.p2.engine 4 4 2022-11-17 23:56:02.823
!MESSAGE An error occurred while collecting items to be installed
!SUBENTRY 1 org.eclipse.equinox.p2.engine 4 0 2022-11-17 23:56:02.823
!MESSAGE session context was:(profile=STM32CubeIDE, phase=org.eclipse.equinox.internal.p2.engine.phases.Collect, operand=, action=).
!SUBENTRY 1 org.eclipse.equinox.p2.transport.ecf 4 1002 2022-11-17 23:56:02.823
!MESSAGE Unable to read repository at https://sw-center.st.com/stm32cubeide/updatesite1/1.10.1/plugins/com.st.stm32cube.common.mx_6.6.1.202207061420.jar.
!STACK 0
javax.net.ssl.SSLException: Tag mismatch!
	at java.base/sun.security.ssl.Alert.createSSLException(Alert.java:133)
	at java.base/sun.security.ssl.TransportContext.fatal(TransportContext.java:349)
	at java.base/sun.security.ssl.TransportContext.fatal(TransportContext.java:292)
	at java.base/sun.security.ssl.TransportContext.fatal(TransportContext.java:287)
	at java.base/sun.security.ssl.SSLTransport.decode(SSLTransport.java:122)
	at java.base/sun.security.ssl.SSLSocketImpl.decode(SSLSocketImpl.java:1411)
	at java.base/sun.security.ssl.SSLSocketImpl.readApplicationRecord(SSLSocketImpl.java:1376)
	at java.base/sun.security.ssl.SSLSocketImpl$AppInputStream.read(SSLSocketImpl.java:963)
	at org.apache.http.impl.conn.LoggingInputStream.read(LoggingInputStream.java:84)
	at org.apache.http.impl.io.SessionInputBufferImpl.streamRead(SessionInputBufferImpl.java:137)
	at org.apache.http.impl.io.SessionInputBufferImpl.read(SessionInputBufferImpl.java:197)
	at org.apache.http.impl.io.ContentLengthInputStream.read(ContentLengthInputStream.java:176)
	at org.apache.http.conn.EofSensorInputStream.read(EofSensorInputStream.java:135)
	at java.base/java.io.FilterInputStream.read(FilterInputStream.java:133)
	at java.base/java.io.FilterInputStream.read(FilterInputStream.java:107)
	at org.eclipse.ecf.provider.filetransfer.retrieve.AbstractRetrieveFileTransfer$1.performFileTransfer(AbstractRetrieveFileTransfer.java:180)
	at org.eclipse.ecf.filetransfer.FileTransferJob.run(FileTransferJob.java:76)
	at org.eclipse.core.internal.jobs.Worker.run(Worker.java:63)
Caused by: javax.crypto.AEADBadTagException: Tag mismatch!
	at java.base/com.sun.crypto.provider.GaloisCounterMode.decryptFinal(GaloisCounterMode.java:623)
	at java.base/com.sun.crypto.provider.CipherCore.finalNoPadding(CipherCore.java:1116)
	at java.base/com.sun.crypto.provider.CipherCore.fillOutputBuffer(CipherCore.java:1053)
	at java.base/com.sun.crypto.provider.CipherCore.doFinal(CipherCore.java:941)
	at java.base/com.sun.crypto.provider.AESCipher.engineDoFinal(AESCipher.java:491)
	at java.base/javax.crypto.CipherSpi.bufferCrypt(CipherSpi.java:779)
	at java.base/javax.crypto.CipherSpi.engineDoFinal(CipherSpi.java:730)
	at java.base/javax.crypto.Cipher.doFinal(Cipher.java:2497)
	at java.base/sun.security.ssl.SSLCipher$T13GcmReadCipherGenerator$GcmReadCipher.decrypt(SSLCipher.java:1903)
	at java.base/sun.security.ssl.SSLSocketInputRecord.decodeInputRecord(SSLSocketInputRecord.java:260)
	at java.base/sun.security.ssl.SSLSocketInputRecord.decode(SSLSocketInputRecord.java:181)
	at java.base/sun.security.ssl.SSLTransport.decode(SSLTransport.java:110)
	... 13 more
!SUBENTRY 1 org.eclipse.equinox.p2.transport.ecf 4 1002 2022-11-17 23:56:02.824
!MESSAGE Unable to read repository at https://sw-center.st.com/stm32cubeide/updatesite1/1.10.1/plugins/com.st.stm32cube.ide.documentation_2.0.301.202207060817.jar.
!STACK 0
javax.net.ssl.SSLException: Tag mismatch!
	at java.base/sun.security.ssl.Alert.createSSLException(Alert.java:133)
	at java.base/sun.security.ssl.TransportContext.fatal(TransportContext.java:349)
	at java.base/sun.security.ssl.TransportContext.fatal(TransportContext.java:292)
	at java.base/sun.security.ssl.TransportContext.fatal(TransportContext.java:287)
	at java.base/sun.security.ssl.SSLTransport.decode(SSLTransport.java:122)
	at java.base/sun.security.ssl.SSLSocketImpl.decode(SSLSocketImpl.java:1411)
	at java.base/sun.security.ssl.SSLSocketImpl.readApplicationRecord(SSLSocketImpl.java:1376)
	at java.base/sun.security.ssl.SSLSocketImpl$AppInputStream.read(SSLSocketImpl.java:963)
	at org.apache.http.impl.conn.LoggingInputStream.read(LoggingInputStream.java:84)
	at org.apache.http.impl.io.SessionInputBufferImpl.streamRead(SessionInputBufferImpl.java:137)
	at org.apache.http.impl.io.SessionInputBufferImpl.read(SessionInputBufferImpl.java:197)
	at org.apache.http.impl.io.ContentLengthInputStream.read(ContentLengthInputStream.java:176)
	at org.apache.http.conn.EofSensorInputStream.read(EofSensorInputStream.java:135)
	at java.base/java.io.FilterInputStream.read(FilterInputStream.java:133)
	at java.base/java.io.FilterInputStream.read(FilterInputStream.java:107)
	at org.eclipse.ecf.provider.filetransfer.retrieve.AbstractRetrieveFileTransfer$1.performFileTransfer(AbstractRetrieveFileTransfer.java:180)
	at org.eclipse.ecf.filetransfer.FileTransferJob.run(FileTransferJob.java:76)
	at org.eclipse.core.internal.jobs.Worker.run(Worker.java:63)
Caused by: javax.crypto.AEADBadTagException: Tag mismatch!
	at java.base/com.sun.crypto.provider.GaloisCounterMode.decryptFinal(GaloisCounterMode.java:623)
	at java.base/com.sun.crypto.provider.CipherCore.finalNoPadding(CipherCore.java:1116)
	at java.base/com.sun.crypto.provider.CipherCore.fillOutputBuffer(CipherCore.java:1053)
	at java.base/com.sun.crypto.provider.CipherCore.doFinal(CipherCore.java:941)
	at java.base/com.sun.crypto.provider.AESCipher.engineDoFinal(AESCipher.java:491)
	at java.base/javax.crypto.CipherSpi.bufferCrypt(CipherSpi.java:779)
	at java.base/javax.crypto.CipherSpi.engineDoFinal(CipherSpi.java:730)
	at java.base/javax.crypto.Cipher.doFinal(Cipher.java:2497)
	at java.base/sun.security.ssl.SSLCipher$T13GcmReadCipherGenerator$GcmReadCipher.decrypt(SSLCipher.java:1903)
	at java.base/sun.security.ssl.SSLSocketInputRecord.decodeInputRecord(SSLSocketInputRecord.java:260)
	at java.base/sun.security.ssl.SSLSocketInputRecord.decode(SSLSocketInputRecord.java:181)
	at java.base/sun.security.ssl.SSLTransport.decode(SSLTransport.java:110)
	... 13 more
!SUBENTRY 1 org.eclipse.equinox.p2.transport.ecf 4 1002 2022-11-17 23:56:02.824
!MESSAGE Unable to read repository at https://sw-center.st.com/stm32cubeide/updatesite1/1.10.1/plugins/com.st.stm32cube.ide.jre.win64_2.2.0.202203101208.jar.
!STACK 0
javax.net.ssl.SSLException: Tag mismatch!
	at java.base/sun.security.ssl.Alert.createSSLException(Alert.java:133)
	at java.base/sun.security.ssl.TransportContext.fatal(TransportContext.java:349)
	at java.base/sun.security.ssl.TransportContext.fatal(TransportContext.java:292)
	at java.base/sun.security.ssl.TransportContext.fatal(TransportContext.java:287)
	at java.base/sun.security.ssl.SSLTransport.decode(SSLTransport.java:122)
	at java.base/sun.security.ssl.SSLSocketImpl.decode(SSLSocketImpl.java:1411)
	at java.base/sun.security.ssl.SSLSocketImpl.readApplicationRecord(SSLSocketImpl.java:1376)
	at java.base/sun.security.ssl.SSLSocketImpl$AppInputStream.read(SSLSocketImpl.java:963)
	at org.apache.http.impl.conn.LoggingInputStream.read(LoggingInputStream.java:84)
	at org.apache.http.impl.io.SessionInputBufferImpl.streamRead(SessionInputBufferImpl.java:137)
	at org.apache.http.impl.io.SessionInputBufferImpl.read(SessionInputBufferImpl.java:197)
	at org.apache.http.impl.io.ContentLengthInputStream.read(ContentLengthInputStream.java:176)
	at org.apache.http.conn.EofSensorInputStream.read(EofSensorInputStream.java:135)
	at java.base/java.io.FilterInputStream.read(FilterInputStream.java:133)
	at java.base/java.io.FilterInputStream.read(FilterInputStream.java:107)
	at org.eclipse.ecf.provider.filetransfer.retrieve.AbstractRetrieveFileTransfer$1.performFileTransfer(AbstractRetrieveFileTransfer.java:180)
	at org.eclipse.ecf.filetransfer.FileTransferJob.run(FileTransferJob.java:76)
	at org.eclipse.core.internal.jobs.Worker.run(Worker.java:63)
Caused by: javax.crypto.AEADBadTagException: Tag mismatch!
	at java.base/com.sun.crypto.provider.GaloisCounterMode.decryptFinal(GaloisCounterMode.java:623)
	at java.base/com.sun.crypto.provider.CipherCore.finalNoPadding(CipherCore.java:1116)
	at java.base/com.sun.crypto.provider.CipherCore.fillOutputBuffer(CipherCore.java:1053)
	at java.base/com.sun.crypto.provider.CipherCore.doFinal(CipherCore.java:941)
	at java.base/com.sun.crypto.provider.AESCipher.engineDoFinal(AESCipher.java:491)
	at java.base/javax.crypto.CipherSpi.bufferCrypt(CipherSpi.java:779)
	at java.base/javax.crypto.CipherSpi.engineDoFinal(CipherSpi.java:730)
	at java.base/javax.crypto.Cipher.doFinal(Cipher.java:2497)
	at java.base/sun.security.ssl.SSLCipher$T13GcmReadCipherGenerator$GcmReadCipher.decrypt(SSLCipher.java:1903)
	at java.base/sun.security.ssl.SSLSocketInputRecord.decodeInputRecord(SSLSocketInputRecord.java:260)
	at java.base/sun.security.ssl.SSLSocketInputRecord.decode(SSLSocketInputRecord.java:181)
	at java.base/sun.security.ssl.SSLTransport.decode(SSLTransport.java:110)
	... 13 more

!ENTRY org.eclipse.cdt.core 1 0 2022-11-17 23:56:43.105
!MESSAGE Indexed 'f4_test' (21 sources, 81 headers) in 3.16 sec: 4,391 declarations; 17,578 references; 0 unresolved inclusions; 1 syntax errors; 2 unresolved names (0.0091%)

!ENTRY com.st.stm32cube.ide.mcu.debug.stlink 4 4 2022-11-18 00:16:52.393
!MESSAGE ST-LINK GDB server failed to start (exit code = -1)

!ENTRY org.eclipse.cdt.dsf.gdb 4 5012 2022-11-18 00:16:52.417
!MESSAGE Error in final launch sequence:

Failed to start GDB server
!STACK 1
org.eclipse.core.runtime.CoreException: Failed to start GDB server
	at org.eclipse.cdt.dsf.concurrent.Query.get(Query.java:112)
	at org.eclipse.cdt.dsf.gdb.launching.GdbLaunchDelegate.launchDebugSession(GdbLaunchDelegate.java:251)
	at org.eclipse.cdt.dsf.gdb.launching.GdbLaunchDelegate.launchDebugger(GdbLaunchDelegate.java:108)
	at org.eclipse.cdt.dsf.gdb.launching.GdbLaunchDelegate.launch(GdbLaunchDelegate.java:96)
	at com.st.stm32cube.ide.mcu.debug.launch.DSFDelegate.launch(DSFDelegate.java:305)
	at org.eclipse.debug.internal.core.LaunchConfiguration.launch(LaunchConfiguration.java:803)
	at org.eclipse.debug.internal.core.LaunchConfiguration.launch(LaunchConfiguration.java:716)
	at org.eclipse.debug.internal.ui.DebugUIPlugin.buildAndLaunch(DebugUIPlugin.java:1021)
	at org.eclipse.debug.internal.ui.DebugUIPlugin$2.run(DebugUIPlugin.java:1224)
	at org.eclipse.core.internal.jobs.Worker.run(Worker.java:63)
Caused by: org.eclipse.core.runtime.CoreException: Error in initializing ST-LINK device.
Reason: (-1) Unknown. Please check power and cabling to target.
	at com.st.stm32cube.ide.mcu.debug.stlink.StLinkDebugHardware.verifyServer(StLinkDebugHardware.java:1687)
	at com.st.stm32cube.ide.mcu.debug.launch.export.HardwareDebugUtil.startServer(HardwareDebugUtil.java:183)
	at com.st.stm32cube.ide.mcu.debug.launch.export.HardwareDebugUtil.startServer(HardwareDebugUtil.java:91)
	at com.st.stm32cube.ide.mcu.debug.launch.LaunchSequenceUtil.stepStartGDBServer(LaunchSequenceUtil.java:230)
	at com.st.stm32cube.ide.mcu.debug.launch.GDBExtendedJtagDSFFinalLaunchSequence_7_12.stepStartGDBServer(GDBExtendedJtagDSFFinalLaunchSequence_7_12.java:100)
	at java.base/jdk.internal.reflect.NativeMethodAccessorImpl.invoke0(Native Method)
	at java.base/jdk.internal.reflect.NativeMethodAccessorImpl.invoke(NativeMethodAccessorImpl.java:62)
	at java.base/jdk.internal.reflect.DelegatingMethodAccessorImpl.invoke(DelegatingMethodAccessorImpl.java:43)
	at java.base/java.lang.reflect.Method.invoke(Method.java:566)
	at org.eclipse.cdt.dsf.concurrent.ReflectionSequence$ReflectionStep.execute(ReflectionSequence.java:160)
	at org.eclipse.cdt.dsf.concurrent.Sequence.executeStep(Sequence.java:475)
	at org.eclipse.cdt.dsf.concurrent.Sequence$2.handleSuccess(Sequence.java:437)
	at org.eclipse.cdt.dsf.concurrent.RequestMonitor.handleCompleted(RequestMonitor.java:391)
	at org.eclipse.cdt.dsf.concurrent.RequestMonitor$2.run(RequestMonitor.java:317)
	at java.base/java.util.concurrent.Executors$RunnableAdapter.call(Executors.java:515)
	at java.base/java.util.concurrent.FutureTask.run(FutureTask.java:264)
	at java.base/java.util.concurrent.ScheduledThreadPoolExecutor$ScheduledFutureTask.run(ScheduledThreadPoolExecutor.java:304)
	at java.base/java.util.concurrent.ThreadPoolExecutor.runWorker(ThreadPoolExecutor.java:1128)
	at java.base/java.util.concurrent.ThreadPoolExecutor$Worker.run(ThreadPoolExecutor.java:628)
	at java.base/java.lang.Thread.run(Thread.java:834)
!SUBENTRY 1 com.st.stm32cube.ide.mcu.debug.launch 4 0 2022-11-18 00:16:52.417
!MESSAGE Failed to start GDB server
!STACK 1
org.eclipse.core.runtime.CoreException: Error in initializing ST-LINK device.
Reason: (-1) Unknown. Please check power and cabling to target.
	at com.st.stm32cube.ide.mcu.debug.stlink.StLinkDebugHardware.verifyServer(StLinkDebugHardware.java:1687)
	at com.st.stm32cube.ide.mcu.debug.launch.export.HardwareDebugUtil.startServer(HardwareDebugUtil.java:183)
	at com.st.stm32cube.ide.mcu.debug.launch.export.HardwareDebugUtil.startServer(HardwareDebugUtil.java:91)
	at com.st.stm32cube.ide.mcu.debug.launch.LaunchSequenceUtil.stepStartGDBServer(LaunchSequenceUtil.java:230)
	at com.st.stm32cube.ide.mcu.debug.launch.GDBExtendedJtagDSFFinalLaunchSequence_7_12.stepStartGDBServer(GDBExtendedJtagDSFFinalLaunchSequence_7_12.java:100)
	at java.base/jdk.internal.reflect.NativeMethodAccessorImpl.invoke0(Native Method)
	at java.base/jdk.internal.reflect.NativeMethodAccessorImpl.invoke(NativeMethodAccessorImpl.java:62)
	at java.base/jdk.internal.reflect.DelegatingMethodAccessorImpl.invoke(DelegatingMethodAccessorImpl.java:43)
	at java.base/java.lang.reflect.Method.invoke(Method.java:566)
	at org.eclipse.cdt.dsf.concurrent.ReflectionSequence$ReflectionStep.execute(ReflectionSequence.java:160)
	at org.eclipse.cdt.dsf.concurrent.Sequence.executeStep(Sequence.java:475)
	at org.eclipse.cdt.dsf.concurrent.Sequence$2.handleSuccess(Sequence.java:437)
	at org.eclipse.cdt.dsf.concurrent.RequestMonitor.handleCompleted(RequestMonitor.java:391)
	at org.eclipse.cdt.dsf.concurrent.RequestMonitor$2.run(RequestMonitor.java:317)
	at java.base/java.util.concurrent.Executors$RunnableAdapter.call(Executors.java:515)
	at java.base/java.util.concurrent.FutureTask.run(FutureTask.java:264)
	at java.base/java.util.concurrent.ScheduledThreadPoolExecutor$ScheduledFutureTask.run(ScheduledThreadPoolExecutor.java:304)
	at java.base/java.util.concurrent.ThreadPoolExecutor.runWorker(ThreadPoolExecutor.java:1128)
	at java.base/java.util.concurrent.ThreadPoolExecutor$Worker.run(ThreadPoolExecutor.java:628)
	at java.base/java.lang.Thread.run(Thread.java:834)
!SUBENTRY 2 com.st.stm32cube.ide.mcu.debug.stlink 4 0 2022-11-18 00:16:52.418
!MESSAGE Error in initializing ST-LINK device.
Reason: (-1) Unknown. Please check power and cabling to target.
