2022-11-01 23:39:30,811 [INFO] Activator:177 - 


2022-11-01 23:39:30,812 [INFO] Activator:178 - !SESSION log4j initialized
2022-11-01 23:40:18,573 [INFO] McuFinderGlobals:39 - Set McuFinder mode to 2 (CubeIDE integrated)
2022-11-01 23:40:22,123 [INFO] ApplicationProperties:181 - Using Application install path: D:\STM32CubeIDE_1.7.0\STM32CubeIDE\plugins\com.st.stm32cube.common.mx_6.3.0.202107141111
2022-11-01 23:40:22,250 [INFO] DbMcusXml:74 - Set database path to: D:\STM32CubeIDE_1.7.0\STM32CubeIDE\plugins\com.st.stm32cube.common.mx_6.3.0.202107141111\\db\/mcu/
2022-11-01 23:40:22,292 [INFO] DbBoardsPdsc:56 - Set plugin database path to: D:\STM32CubeIDE_1.7.0\STM32CubeIDE\plugins\com.st.stm32cube.common.mx_6.3.0.202107141111\\db\/plugins/boardmanager/
2022-11-01 23:40:22,323 [INFO] DbMcus:258 - Set plugin images path to: D:\STM32CubeIDE_1.7.0\STM32CubeIDE\plugins\com.st.stm32cube.common.mx_6.3.0.202107141111\\db\/plugins/mcufinder/images/
2022-11-01 23:40:22,324 [INFO] DbBoards:264 - Set plugin images path to: D:\STM32CubeIDE_1.7.0\STM32CubeIDE\plugins\com.st.stm32cube.common.mx_6.3.0.202107141111\\db\/plugins/mcufinder/images/
2022-11-01 23:40:22,329 [INFO] DbExamples:333 - Set plugin images path to: D:\STM32CubeIDE_1.7.0\STM32CubeIDE\plugins\com.st.stm32cube.common.mx_6.3.0.202107141111\\db\/plugins/mcufinder/images/
2022-11-01 23:40:22,466 [INFO] DbMcusAds:119 - Set database path to: C:\Users\binch\.stmcufinder\plugins\mcufinder//mcu/
2022-11-01 23:40:22,469 [INFO] DbMcusDocs:110 - Set database path to: C:\Users\binch\.stmcufinder\plugins\mcufinder//mcu/
2022-11-01 23:40:22,472 [INFO] DbMcusJson:64 - Set database path to: C:\Users\binch\.stmcufinder\plugins\mcufinder//mcu/
2022-11-01 23:40:22,473 [INFO] DbBoardsDocs:110 - Set database path to: C:\Users\binch\.stmcufinder\plugins\mcufinder//mcu/
2022-11-01 23:40:22,474 [INFO] DbBoardsJson:57 - Set database path to: C:\Users\binch\.stmcufinder\plugins\mcufinder//mcu/
2022-11-01 23:40:22,539 [INFO] CrossReferenceDbSqlite:196 - Set database path to: C:\Users\binch\.stmcufinder\plugins\mcufinder//mcu/cs/
2022-11-01 23:40:22,542 [INFO] DbExamplesSqlite:767 - Set database path to: C:\Users\binch\.stmcufinder\plugins\mcufinder//mcu/
2022-11-01 23:40:22,761 [INFO] RulesReader:57 - Compatibility file has been processed (242 Rules)
2022-11-01 23:40:23,313 [INFO] DbMcusXml:74 - Set database path to: D:\STM32CubeIDE_1.7.0\STM32CubeIDE\plugins\com.st.stm32cube.common.mx_6.3.0.202107141111\\db\/mcu/
2022-11-01 23:40:23,314 [INFO] DbBoardsPdsc:56 - Set plugin database path to: D:\STM32CubeIDE_1.7.0\STM32CubeIDE\plugins\com.st.stm32cube.common.mx_6.3.0.202107141111\\db\/plugins/boardmanager/
2022-11-01 23:40:23,314 [INFO] DbMcus:258 - Set plugin images path to: D:\STM32CubeIDE_1.7.0\STM32CubeIDE\plugins\com.st.stm32cube.common.mx_6.3.0.202107141111\\db\/plugins/mcufinder/images/
2022-11-01 23:40:23,314 [INFO] DbBoards:264 - Set plugin images path to: D:\STM32CubeIDE_1.7.0\STM32CubeIDE\plugins\com.st.stm32cube.common.mx_6.3.0.202107141111\\db\/plugins/mcufinder/images/
2022-11-01 23:40:23,314 [INFO] DbExamples:333 - Set plugin images path to: D:\STM32CubeIDE_1.7.0\STM32CubeIDE\plugins\com.st.stm32cube.common.mx_6.3.0.202107141111\\db\/plugins/mcufinder/images/
2022-11-01 23:40:23,314 [WARN] DbFile:35 - Overriding database path with different value: C:\Users\binch\.stmcufinder\plugins\mcufinder/ => C:\Users\binch\.stmcufinder\plugins\mcufinder
2022-11-01 23:40:23,314 [INFO] DbMcusAds:119 - Set database path to: C:\Users\binch\.stmcufinder\plugins\mcufinder//mcu/
2022-11-01 23:40:23,314 [WARN] DbFile:35 - Overriding database path with different value: C:\Users\binch\.stmcufinder\plugins\mcufinder/ => C:\Users\binch\.stmcufinder\plugins\mcufinder
2022-11-01 23:40:23,315 [INFO] DbMcusDocs:110 - Set database path to: C:\Users\binch\.stmcufinder\plugins\mcufinder//mcu/
2022-11-01 23:40:23,315 [WARN] DbFile:35 - Overriding database path with different value: C:\Users\binch\.stmcufinder\plugins\mcufinder/ => C:\Users\binch\.stmcufinder\plugins\mcufinder
2022-11-01 23:40:23,315 [INFO] DbMcusJson:64 - Set database path to: C:\Users\binch\.stmcufinder\plugins\mcufinder//mcu/
2022-11-01 23:40:23,315 [WARN] DbFile:35 - Overriding database path with different value: C:\Users\binch\.stmcufinder\plugins\mcufinder/ => C:\Users\binch\.stmcufinder\plugins\mcufinder
2022-11-01 23:40:23,315 [INFO] DbBoardsDocs:110 - Set database path to: C:\Users\binch\.stmcufinder\plugins\mcufinder//mcu/
2022-11-01 23:40:23,315 [WARN] DbFile:35 - Overriding database path with different value: C:\Users\binch\.stmcufinder\plugins\mcufinder/ => C:\Users\binch\.stmcufinder\plugins\mcufinder
2022-11-01 23:40:23,315 [INFO] DbBoardsJson:57 - Set database path to: C:\Users\binch\.stmcufinder\plugins\mcufinder//mcu/
2022-11-01 23:40:23,316 [WARN] DbFile:35 - Overriding database path with different value: C:\Users\binch\.stmcufinder\plugins\mcufinder/ => C:\Users\binch\.stmcufinder\plugins\mcufinder
2022-11-01 23:40:23,316 [WARN] DbFile:35 - Overriding database path with different value: C:\Users\binch\.stmcufinder\plugins\mcufinder/ => C:\Users\binch\.stmcufinder\plugins\mcufinder
2022-11-01 23:40:23,316 [INFO] CrossReferenceDbSqlite:196 - Set database path to: C:\Users\binch\.stmcufinder\plugins\mcufinder//mcu/cs/
2022-11-01 23:40:23,316 [WARN] DbFile:35 - Overriding database path with different value: C:\Users\binch\.stmcufinder\plugins\mcufinder/ => C:\Users\binch\.stmcufinder\plugins\mcufinder
2022-11-01 23:40:23,316 [INFO] DbExamplesSqlite:767 - Set database path to: C:\Users\binch\.stmcufinder\plugins\mcufinder//mcu/
2022-11-01 23:40:24,030 [INFO] MainPanel:214 - HeapMemory: 299892736
2022-11-01 23:40:24,634 [INFO] DbMcusXml:74 - Set database path to: D:\STM32CubeIDE_1.7.0\STM32CubeIDE\plugins\com.st.stm32cube.common.mx_6.3.0.202107141111\\db\/mcu/
2022-11-01 23:40:24,634 [INFO] DbBoardsPdsc:56 - Set plugin database path to: D:\STM32CubeIDE_1.7.0\STM32CubeIDE\plugins\com.st.stm32cube.common.mx_6.3.0.202107141111\\db\/plugins/boardmanager/
2022-11-01 23:40:24,634 [INFO] DbMcus:258 - Set plugin images path to: D:\STM32CubeIDE_1.7.0\STM32CubeIDE\plugins\com.st.stm32cube.common.mx_6.3.0.202107141111\\db\/plugins/mcufinder/images/
2022-11-01 23:40:24,634 [INFO] DbBoards:264 - Set plugin images path to: D:\STM32CubeIDE_1.7.0\STM32CubeIDE\plugins\com.st.stm32cube.common.mx_6.3.0.202107141111\\db\/plugins/mcufinder/images/
2022-11-01 23:40:24,634 [INFO] DbExamples:333 - Set plugin images path to: D:\STM32CubeIDE_1.7.0\STM32CubeIDE\plugins\com.st.stm32cube.common.mx_6.3.0.202107141111\\db\/plugins/mcufinder/images/
2022-11-01 23:40:24,650 [WARN] DbFile:35 - Overriding database path with different value: C:\Users\binch\.stmcufinder\plugins\mcufinder/ => C:\Users\binch\.stmcufinder\plugins\mcufinder
2022-11-01 23:40:24,650 [INFO] DbMcusAds:119 - Set database path to: C:\Users\binch\.stmcufinder\plugins\mcufinder//mcu/
2022-11-01 23:40:24,650 [WARN] DbFile:35 - Overriding database path with different value: C:\Users\binch\.stmcufinder\plugins\mcufinder/ => C:\Users\binch\.stmcufinder\plugins\mcufinder
2022-11-01 23:40:24,650 [INFO] DbMcusDocs:110 - Set database path to: C:\Users\binch\.stmcufinder\plugins\mcufinder//mcu/
2022-11-01 23:40:24,650 [WARN] DbFile:35 - Overriding database path with different value: C:\Users\binch\.stmcufinder\plugins\mcufinder/ => C:\Users\binch\.stmcufinder\plugins\mcufinder
2022-11-01 23:40:24,650 [INFO] DbMcusJson:64 - Set database path to: C:\Users\binch\.stmcufinder\plugins\mcufinder//mcu/
2022-11-01 23:40:24,651 [WARN] DbFile:35 - Overriding database path with different value: C:\Users\binch\.stmcufinder\plugins\mcufinder/ => C:\Users\binch\.stmcufinder\plugins\mcufinder
2022-11-01 23:40:24,651 [INFO] DbBoardsDocs:110 - Set database path to: C:\Users\binch\.stmcufinder\plugins\mcufinder//mcu/
2022-11-01 23:40:24,651 [WARN] DbFile:35 - Overriding database path with different value: C:\Users\binch\.stmcufinder\plugins\mcufinder/ => C:\Users\binch\.stmcufinder\plugins\mcufinder
2022-11-01 23:40:24,651 [INFO] DbBoardsJson:57 - Set database path to: C:\Users\binch\.stmcufinder\plugins\mcufinder//mcu/
2022-11-01 23:40:24,651 [WARN] DbFile:35 - Overriding database path with different value: C:\Users\binch\.stmcufinder\plugins\mcufinder/ => C:\Users\binch\.stmcufinder\plugins\mcufinder
2022-11-01 23:40:24,651 [WARN] DbFile:35 - Overriding database path with different value: C:\Users\binch\.stmcufinder\plugins\mcufinder/ => C:\Users\binch\.stmcufinder\plugins\mcufinder
2022-11-01 23:40:24,651 [INFO] CrossReferenceDbSqlite:196 - Set database path to: C:\Users\binch\.stmcufinder\plugins\mcufinder//mcu/cs/
2022-11-01 23:40:24,652 [WARN] DbFile:35 - Overriding database path with different value: C:\Users\binch\.stmcufinder\plugins\mcufinder/ => C:\Users\binch\.stmcufinder\plugins\mcufinder
2022-11-01 23:40:24,652 [INFO] DbExamplesSqlite:767 - Set database path to: C:\Users\binch\.stmcufinder\plugins\mcufinder//mcu/
2022-11-01 23:40:24,755 [INFO] ApplicationProperties:181 - Using Application install path: D:\STM32CubeIDE_1.7.0\STM32CubeIDE\plugins\com.st.stm32cube.common.mx_6.3.0.202107141111
2022-11-01 23:40:24,756 [INFO] PluginManage:188 - Search for loadable plugins [exclusion list=, ]
2022-11-01 23:40:24,778 [INFO] PluginManage:302 - Check plugin analytics
2022-11-01 23:40:25,306 [INFO] AnalyticsPlugin:257 - Accepted Software Licenses: 
2022-11-01 23:40:25,307 [INFO] AnalyticsPlugin:259 - Accepted CMSIS Pack Licenses: 
2022-11-01 23:40:25,307 [INFO] AnalyticsPlugin:261 - Accepted Firmware Licenses: 
2022-11-01 23:40:25,308 [INFO] PluginManage:352 - Loaded plugin analytics (category:tool,tabindex:-1)
2022-11-01 23:40:25,308 [INFO] PluginManage:302 - Check plugin clock
2022-11-01 23:40:25,447 [INFO] PluginManage:352 - Loaded plugin clock (category:base,tabindex:2)
2022-11-01 23:40:25,447 [INFO] PluginManage:302 - Check plugin ddr
2022-11-01 23:40:25,542 [INFO] PluginManage:352 - Loaded plugin ddr (category:tool,tabindex:6)
2022-11-01 23:40:25,542 [INFO] PluginManage:302 - Check plugin filemanager
2022-11-01 23:40:26,374 [INFO] PluginManage:352 - Loaded plugin filemanager (category:base,tabindex:10)
2022-11-01 23:40:26,374 [INFO] PluginManage:302 - Check plugin ipmanager
2022-11-01 23:40:26,465 [INFO] PluginManage:352 - Loaded plugin ipmanager (category:base,tabindex:5)
2022-11-01 23:40:26,466 [INFO] PluginManage:302 - Check plugin pinoutandconfiguration
2022-11-01 23:40:26,497 [INFO] PluginManage:352 - Loaded plugin pinoutandconfiguration (category:base,tabindex:1)
2022-11-01 23:40:26,497 [INFO] PluginManage:302 - Check plugin pinoutconfig
2022-11-01 23:40:26,641 [INFO] PluginManage:352 - Loaded plugin pinoutconfig (category:base,tabindex:0)
2022-11-01 23:40:26,642 [INFO] PluginManage:302 - Check plugin power
2022-11-01 23:40:26,726 [INFO] PluginManage:352 - Loaded plugin power (category:power,tabindex:4)
2022-11-01 23:40:26,727 [INFO] PluginManage:302 - Check plugin projectmanager
2022-11-01 23:40:26,799 [INFO] PluginManage:352 - Loaded plugin projectmanager (category:projectmanager,tabindex:3)
2022-11-01 23:40:26,799 [INFO] PluginManage:302 - Check plugin thirdparty
2022-11-01 23:40:27,833 [INFO] PluginManage:352 - Loaded plugin thirdparty (category:base,tabindex:-1)
2022-11-01 23:40:27,834 [INFO] PluginManage:302 - Check plugin tools
2022-11-01 23:40:27,834 [WARN] IntegrityCheckThread:78 - waiting for thirdparty lock release [integrity check]
2022-11-01 23:40:27,836 [INFO] IntegrityCheckThread:80 - entering critical section [integrity check]
2022-11-01 23:40:27,836 [INFO] ThirdPartyUpdaterWithRetryManager:66 - Updater plugin not ready yet. [1/15]
2022-11-01 23:40:27,903 [INFO] PluginManage:352 - Loaded plugin tools (category:base,tabindex:7)
2022-11-01 23:40:27,905 [INFO] PluginManage:302 - Check plugin tutovideos
2022-11-01 23:40:28,775 [INFO] PluginManage:352 - Loaded plugin tutovideos (category:base,tabindex:-1)
2022-11-01 23:40:28,776 [INFO] PluginManage:302 - Check plugin updater
2022-11-01 23:40:28,809 [INFO] PluginManage:352 - Loaded plugin updater (category:base,tabindex:12)
2022-11-01 23:40:28,810 [INFO] PluginManage:275 - PluginManage : Loaded plugins [13]
2022-11-01 23:40:29,499 [INFO] PinOutPanel:1463 - setPackage(No Configuration,No Configuration)
2022-11-01 23:40:29,753 [INFO] IPUIPlugin:74 - create IPUIPlugin
2022-11-01 23:40:29,754 [INFO] PluginManager:213 - loadIPPluginJar : add adc
2022-11-01 23:40:29,801 [INFO] IPUIPlugin:74 - create IPUIPlugin
2022-11-01 23:40:29,802 [INFO] PluginManager:213 - loadIPPluginJar : add aes
2022-11-01 23:40:29,887 [INFO] IPUIPlugin:74 - create IPUIPlugin
2022-11-01 23:40:29,887 [INFO] PluginManager:213 - loadIPPluginJar : add can
2022-11-01 23:40:29,947 [INFO] IPUIPlugin:74 - create IPUIPlugin
2022-11-01 23:40:29,947 [INFO] PluginManager:213 - loadIPPluginJar : add comp
2022-11-01 23:40:29,986 [INFO] IPUIPlugin:74 - create IPUIPlugin
2022-11-01 23:40:29,986 [INFO] PluginManager:213 - loadIPPluginJar : add cryp
2022-11-01 23:40:30,066 [INFO] IPUIPlugin:74 - create IPUIPlugin
2022-11-01 23:40:30,066 [INFO] PluginManager:213 - loadIPPluginJar : add dfsdm
2022-11-01 23:40:30,100 [INFO] IPUIPlugin:74 - create IPUIPlugin
2022-11-01 23:40:30,100 [INFO] PluginManager:213 - loadIPPluginJar : add dma
2022-11-01 23:40:30,148 [INFO] IPUIPlugin:74 - create IPUIPlugin
2022-11-01 23:40:30,148 [INFO] PluginManager:213 - loadIPPluginJar : add dma3
2022-11-01 23:40:30,185 [INFO] IPUIPlugin:74 - create IPUIPlugin
2022-11-01 23:40:30,185 [INFO] PluginManager:213 - loadIPPluginJar : add fatfs
2022-11-01 23:40:30,290 [INFO] IPUIPlugin:74 - create IPUIPlugin
2022-11-01 23:40:30,290 [INFO] PluginManager:213 - loadIPPluginJar : add fmc
2022-11-01 23:40:30,364 [INFO] IPUIPlugin:74 - create IPUIPlugin
2022-11-01 23:40:30,364 [INFO] PluginManager:213 - loadIPPluginJar : add freertos
2022-11-01 23:40:30,401 [INFO] IPUIPlugin:74 - create IPUIPlugin
2022-11-01 23:40:30,401 [INFO] PluginManager:213 - loadIPPluginJar : add genericplugin
2022-11-01 23:40:30,548 [INFO] IPUIPlugin:74 - create IPUIPlugin
2022-11-01 23:40:30,549 [INFO] PluginManager:213 - loadIPPluginJar : add gfxmmu
2022-11-01 23:40:30,764 [INFO] IPUIPlugin:74 - create IPUIPlugin
2022-11-01 23:40:30,764 [INFO] PluginManager:213 - loadIPPluginJar : add gic
2022-11-01 23:40:30,792 [INFO] IPUIPlugin:74 - create IPUIPlugin
2022-11-01 23:40:30,792 [INFO] PluginManager:213 - loadIPPluginJar : add gpio
2022-11-01 23:40:30,854 [INFO] ThirdPartyUpdaterWithRetryManager:66 - Updater plugin not ready yet. [2/15]
2022-11-01 23:40:30,875 [INFO] IPUIPlugin:74 - create IPUIPlugin
2022-11-01 23:40:30,876 [INFO] PluginManager:213 - loadIPPluginJar : add gtzc
2022-11-01 23:40:30,922 [INFO] IPUIPlugin:74 - create IPUIPlugin
2022-11-01 23:40:30,923 [INFO] PluginManager:213 - loadIPPluginJar : add hash
2022-11-01 23:40:30,979 [INFO] IPUIPlugin:74 - create IPUIPlugin
2022-11-01 23:40:30,980 [INFO] PluginManager:213 - loadIPPluginJar : add i2c
2022-11-01 23:40:31,017 [INFO] IPUIPlugin:74 - create IPUIPlugin
2022-11-01 23:40:31,017 [INFO] PluginManager:213 - loadIPPluginJar : add i2s
2022-11-01 23:40:31,054 [INFO] IPUIPlugin:74 - create IPUIPlugin
2022-11-01 23:40:31,054 [INFO] PluginManager:213 - loadIPPluginJar : add ipddr
2022-11-01 23:40:31,157 [INFO] IPUIPlugin:74 - create IPUIPlugin
2022-11-01 23:40:31,159 [INFO] PluginManager:213 - loadIPPluginJar : add linkedlist
2022-11-01 23:40:31,206 [INFO] IPUIPlugin:74 - create IPUIPlugin
2022-11-01 23:40:31,206 [INFO] PluginManager:213 - loadIPPluginJar : add lorawan
2022-11-01 23:40:31,242 [INFO] IPUIPlugin:74 - create IPUIPlugin
2022-11-01 23:40:31,243 [INFO] PluginManager:213 - loadIPPluginJar : add ltdc
2022-11-01 23:40:31,265 [INFO] IPUIPlugin:74 - create IPUIPlugin
2022-11-01 23:40:31,265 [INFO] PluginManager:213 - loadIPPluginJar : add mdma
2022-11-01 23:40:31,276 [INFO] IPUIPlugin:74 - create IPUIPlugin
2022-11-01 23:40:31,277 [INFO] PluginManager:213 - loadIPPluginJar : add nvic
2022-11-01 23:40:31,323 [INFO] IPUIPlugin:74 - create IPUIPlugin
2022-11-01 23:40:31,323 [INFO] PluginManager:213 - loadIPPluginJar : add opamp
2022-11-01 23:40:31,400 [INFO] IPUIPlugin:74 - create IPUIPlugin
2022-11-01 23:40:31,401 [INFO] PluginManager:213 - loadIPPluginJar : add openamp
2022-11-01 23:40:31,514 [INFO] IPUIPlugin:74 - create IPUIPlugin
2022-11-01 23:40:31,514 [INFO] PluginManager:213 - loadIPPluginJar : add pdm2pcm
2022-11-01 23:40:31,543 [INFO] IPUIPlugin:74 - create IPUIPlugin
2022-11-01 23:40:31,547 [INFO] PluginManager:213 - loadIPPluginJar : add plateformsettings
2022-11-01 23:40:31,570 [INFO] IPUIPlugin:74 - create IPUIPlugin
2022-11-01 23:40:31,571 [INFO] PluginManager:213 - loadIPPluginJar : add quadspi
2022-11-01 23:40:31,582 [INFO] IPUIPlugin:74 - create IPUIPlugin
2022-11-01 23:40:31,583 [INFO] PluginManager:213 - loadIPPluginJar : add resmgrutility
2022-11-01 23:40:31,646 [INFO] IPUIPlugin:74 - create IPUIPlugin
2022-11-01 23:40:31,646 [INFO] PluginManager:213 - loadIPPluginJar : add sai
2022-11-01 23:40:31,685 [INFO] IPUIPlugin:74 - create IPUIPlugin
2022-11-01 23:40:31,685 [INFO] PluginManager:213 - loadIPPluginJar : add spi
2022-11-01 23:40:31,759 [INFO] IPUIPlugin:74 - create IPUIPlugin
2022-11-01 23:40:31,760 [INFO] PluginManager:213 - loadIPPluginJar : add stm32_wpan
2022-11-01 23:40:31,794 [INFO] IPUIPlugin:74 - create IPUIPlugin
2022-11-01 23:40:31,794 [INFO] PluginManager:213 - loadIPPluginJar : add tim
2022-11-01 23:40:31,855 [INFO] IPUIPlugin:74 - create IPUIPlugin
2022-11-01 23:40:31,855 [INFO] PluginManager:213 - loadIPPluginJar : add touchsensing
2022-11-01 23:40:31,885 [INFO] IPUIPlugin:74 - create IPUIPlugin
2022-11-01 23:40:31,885 [INFO] PluginManager:213 - loadIPPluginJar : add tracer_emb
2022-11-01 23:40:31,911 [INFO] IPUIPlugin:74 - create IPUIPlugin
2022-11-01 23:40:31,912 [INFO] PluginManager:213 - loadIPPluginJar : add ts
2022-11-01 23:40:31,939 [INFO] IPUIPlugin:74 - create IPUIPlugin
2022-11-01 23:40:31,940 [INFO] PluginManager:213 - loadIPPluginJar : add tsc
2022-11-01 23:40:31,971 [INFO] IPUIPlugin:74 - create IPUIPlugin
2022-11-01 23:40:31,971 [INFO] PluginManager:213 - loadIPPluginJar : add ucpd
2022-11-01 23:40:32,012 [INFO] IPUIPlugin:74 - create IPUIPlugin
2022-11-01 23:40:32,012 [INFO] PluginManager:213 - loadIPPluginJar : add usart
2022-11-01 23:40:32,056 [INFO] IPUIPlugin:74 - create IPUIPlugin
2022-11-01 23:40:32,057 [INFO] PluginManager:213 - loadIPPluginJar : add usbx
2022-11-01 23:40:32,623 [FATAL] Updater:294 - Updater called before beeing initialized
2022-11-01 23:40:32,950 [FATAL] Updater:294 - Updater called before beeing initialized
2022-11-01 23:40:32,957 [INFO] DbMcusAds:47 - JSON generation date=Thu Sep 30 13:56:37 ICT 2021 (1632984997303)
2022-11-01 23:40:32,958 [FATAL] Updater:294 - Updater called before beeing initialized
2022-11-01 23:40:33,126 [WARN] DetailPanel:314 - Failed to get advertising image, set to default
2022-11-01 23:40:33,334 [FATAL] Updater:294 - Updater called before beeing initialized
2022-11-01 23:40:33,354 [FATAL] Updater:294 - Updater called before beeing initialized
2022-11-01 23:40:33,355 [FATAL] Updater:294 - Updater called before beeing initialized
2022-11-01 23:40:33,355 [WARN] DetailPanel:314 - Failed to get advertising image, set to default
2022-11-01 23:40:33,356 [FATAL] Updater:294 - Updater called before beeing initialized
2022-11-01 23:40:33,444 [ERROR] Updater:1075 - MainUpdater not yet initialized. External WinMGr cannot be set.
2022-11-01 23:40:33,459 [INFO] Updater:1012 - Updater Version found : 6.3.0
2022-11-01 23:40:33,530 [INFO] ApplicationProperties:181 - Using Application install path: D:\STM32CubeIDE_1.7.0\STM32CubeIDE\plugins\com.st.stm32cube.common.mx_6.3.0.202107141111
2022-11-01 23:40:33,771 [INFO] MainUpdater:2671 - connection check result : 10
2022-11-01 23:40:33,771 [INFO] MainUpdater:3359 - Updater definition file requires update
2022-11-01 23:40:33,772 [INFO] MainUpdater:265 - Updater Check For Update Now.
2022-11-01 23:40:33,773 [INFO] MicroXplorer:478 - Change Database Version : DB.6.0.30
2022-11-01 23:40:33,862 [WARN] MainUpdater:1122 - Updater busy. Cannot search thirdparties
2022-11-01 23:40:33,863 [INFO] ThirdPartyUpdaterWithRetryManager:92 - Updater plugin is busy. [1/15]
2022-11-01 23:40:33,894 [INFO] ServerAccessManage:362 - Download File updaters.zip
2022-11-01 23:40:33,971 [INFO] FileExtend:235 - Unzip File : updaters.zip
2022-11-01 23:40:33,971 [INFO] FileExtend:250 - Standard Zip Deflate
2022-11-01 23:40:34,782 [INFO] ServerAccessManage:362 - Download File PacksControlFlags.xml
2022-11-01 23:40:34,906 [INFO] ServerAccessManage:362 - Download File cubemx.pidx
2022-11-01 23:40:35,080 [INFO] LoadServerUpdatesThread:339 - End of LoadServerUpdate Thread
2022-11-01 23:40:35,229 [INFO] CheckServerUpdateThread:112 - End of CheckServer Thread
2022-11-01 23:40:35,243 [INFO] MainUpdater:2671 - connection check result : 10
2022-11-01 23:40:35,268 [INFO] MainUpdater:2671 - connection check result : 10
2022-11-01 23:40:35,712 [INFO] MicroXplorer:448 - Change Database Path : 
2022-11-01 23:40:35,713 [INFO] MicroXplorer:478 - Change Database Version : DB.6.0.30
2022-11-01 23:40:35,714 [WARN] ThirdParty:813 - waiting for thirdparty lock release [close project]
2022-11-01 23:40:37,115 [WARN] PackLoader:238 - Cannot read IP mode file for STMicroelectronics.X-CUBE-GNSS1.6.0.0
2022-11-01 23:40:37,165 [WARN] PackLoader:238 - Cannot read IP mode file for STMicroelectronics.X-CUBE-AZRTOS-F4.1.1.0
2022-11-01 23:40:37,182 [WARN] PackLoader:238 - Cannot read IP mode file for STMicroelectronics.X-CUBE-BLEMGR.1.2.0
2022-11-01 23:40:37,276 [WARN] PackLoader:238 - Cannot read IP mode file for STMicroelectronics.X-CUBE-AZRTOS-F7.1.1.0
2022-11-01 23:40:37,292 [WARN] PackLoader:238 - Cannot read IP mode file for STMicroelectronics.X-CUBE-BLE1.6.2.3
2022-11-01 23:40:37,308 [WARN] PackLoader:238 - Cannot read IP mode file for STMicroelectronics.X-CUBE-NFC4.2.0.4
2022-11-01 23:40:37,325 [WARN] PackLoader:238 - Cannot read IP mode file for STMicroelectronics.X-CUBE-TOF1.3.1.0
2022-11-01 23:40:37,337 [WARN] PackLoader:238 - Cannot read IP mode file for wolfSSL.I-CUBE-wolfSSL.5.5.0
2022-11-01 23:40:37,356 [WARN] PackLoader:238 - Cannot read IP mode file for STMicroelectronics.X-CUBE-NFC7.1.0.0
2022-11-01 23:40:37,402 [WARN] PackLoader:238 - Cannot read IP mode file for STMicroelectronics.X-CUBE-MEMS1.9.3.0
2022-11-01 23:40:37,551 [WARN] PackLoader:238 - Cannot read IP mode file for STMicroelectronics.X-CUBE-AI.7.2.0
2022-11-01 23:40:37,561 [WARN] PackLoader:238 - Cannot read IP mode file for STMicroelectronics.X-CUBE-SFXS2LP1.4.0.0
2022-11-01 23:40:37,570 [WARN] PackLoader:238 - Cannot read IP mode file for STMicroelectronics.X-CUBE-BLE2.3.3.0
2022-11-01 23:40:37,583 [WARN] PackLoader:238 - Cannot read IP mode file for STMicroelectronics.X-CUBE-DISPLAY.2.2.0
2022-11-01 23:40:37,600 [WARN] PackLoader:238 - Cannot read IP mode file for STMicroelectronics.X-CUBE-TOF1.3.2.0
2022-11-01 23:40:37,626 [WARN] PackLoader:238 - Cannot read IP mode file for STMicroelectronics.X-CUBE-ISPU.1.0.0
2022-11-01 23:40:37,639 [WARN] PackLoader:238 - Cannot read IP mode file for RoweBots.I-CUBE-UNISONRTOS.5.5.0-4
2022-11-01 23:40:37,670 [WARN] PackLoader:238 - Cannot read IP mode file for STMicroelectronics.X-CUBE-AZRTOS-H7.2.1.0
2022-11-01 23:40:37,683 [WARN] PackLoader:238 - Cannot read IP mode file for STMicroelectronics.X-CUBE-BLEMGR.1.0.0
2022-11-01 23:40:37,691 [WARN] PackLoader:238 - Cannot read IP mode file for STMicroelectronics.X-CUBE-AI.7.3.0
2022-11-01 23:40:37,700 [WARN] PackLoader:238 - Cannot read IP mode file for STMicroelectronics.X-CUBE-ALGOBUILD.1.3.0
2022-11-01 23:40:37,724 [WARN] PackLoader:238 - Cannot read IP mode file for STMicroelectronics.X-CUBE-AZRTOS-G0.1.1.0
2022-11-01 23:40:37,741 [WARN] PackLoader:238 - Cannot read IP mode file for STMicroelectronics.X-CUBE-SUBG2.5.0.0
2022-11-01 23:40:37,795 [WARN] PackLoader:238 - Cannot read IP mode file for SEGGER.I-CUBE-embOS.1.2.0
2022-11-01 23:40:37,832 [WARN] PackLoader:238 - Cannot read IP mode file for STMicroelectronics.FP-ATR-ASTRA1.1.1.1
2022-11-01 23:40:37,855 [WARN] PackLoader:238 - Cannot read IP mode file for STMicroelectronics.X-CUBE-AZRTOS-G4.1.0.0
2022-11-01 23:40:37,864 [WARN] PackLoader:238 - Cannot read IP mode file for STMicroelectronics.FP-ATR-SIGFOX1.3.2.0
2022-11-01 23:40:37,890 [WARN] PackLoader:238 - Cannot read IP mode file for STMicroelectronics.X-CUBE-AZRTOS-L4.1.0.0
2022-11-01 23:40:37,903 [WARN] PackLoader:238 - Cannot read IP mode file for emotas.I-CUBE-CANOPEN.1.1.2
2022-11-01 23:40:37,912 [WARN] PackLoader:238 - Cannot read IP mode file for STMicroelectronics.X-CUBE-TOUCHGFX.4.20.0
2022-11-01 23:40:37,942 [WARN] PackLoader:238 - Cannot read IP mode file for STMicroelectronics.X-CUBE-AZRTOS-WL.1.0.0
2022-11-01 23:40:37,952 [WARN] PackLoader:238 - Cannot read IP mode file for portGmbH.I-Cube-SoM-uGOAL.1.1.0
2022-11-01 23:40:37,963 [WARN] PackLoader:238 - Cannot read IP mode file for STMicroelectronics.X-CUBE-ALS.1.0.1
2022-11-01 23:40:37,999 [WARN] PackLoader:238 - Cannot read IP mode file for STMicroelectronics.X-CUBE-AZRTOS-L5.1.0.0
2022-11-01 23:40:38,009 [WARN] PackLoader:238 - Cannot read IP mode file for STMicroelectronics.X-CUBE-EEPRMA1.3.1.1
2022-11-01 23:40:38,010 [INFO] ThirdParty:915 - Integrity check success = true
2022-11-01 23:40:38,010 [INFO] IntegrityCheckThread:94 - exiting critical section [integrity check]
2022-11-01 23:40:38,010 [INFO] IntegrityCheckThread:97 - End integrity checks thread
2022-11-01 23:40:38,010 [INFO] ThirdParty:815 - entering critical section [close project]
2022-11-01 23:40:38,011 [INFO] ThirdParty:825 - exiting critical section [close project]
2022-11-01 23:40:38,015 [INFO] PinOutPanel:1463 - setPackage(No Configuration,No Configuration)
2022-11-01 23:40:38,016 [INFO] UtilMem:74 - Begin LoadConfig() Used Memory: 382698304 Bytes (603979776)
2022-11-01 23:40:38,017 [INFO] MicroXplorer:448 - Change Database Path : 
2022-11-01 23:40:38,017 [INFO] MicroXplorer:478 - Change Database Version : DB.6.0.30
2022-11-01 23:40:38,017 [INFO] OpenFileManager:313 - Change cursor
2022-11-01 23:40:40,215 [INFO] Context:592 - Trying to add GPIOservice into a context  which must be forbidden
2022-11-01 23:40:40,548 [WARN] ApiManager:304 - Cannot register API 'Board Extension:GNSS1A1' from pack STMicroelectronics.X-CUBE-GNSS1.6.0.0: no header file found
2022-11-01 23:40:40,549 [WARN] ApiManager:304 - Cannot register API 'Board Support:Custom' from pack STMicroelectronics.X-CUBE-GNSS1.6.0.0: no header file found
2022-11-01 23:40:40,549 [WARN] ApiManager:304 - Cannot register API 'Data Exchange:lib_gnss' from pack STMicroelectronics.X-CUBE-GNSS1.6.0.0: no header file found
2022-11-01 23:40:40,561 [WARN] ApiManager:304 - Cannot register API 'Wireless:BlueNRG-MS' from pack STMicroelectronics.X-CUBE-BLE1.6.2.3: no header file found
2022-11-01 23:40:40,563 [INFO] RtosManager:484 - Registered RTOS mode: class=CMSIS, group=RTOS, mode=CMSIS_V1, owner=FREERTOS
2022-11-01 23:40:40,565 [INFO] RtosManager:484 - Registered RTOS mode: class=CMSIS, group=RTOS2, mode=CMSIS_V2, owner=FREERTOS
2022-11-01 23:40:40,565 [INFO] RtosManager:484 - Registered RTOS mode: class=RTOS, group=Core, mode=CMSIS_V1, owner=FREERTOS
2022-11-01 23:40:40,565 [INFO] RtosManager:484 - Registered RTOS mode: class=RTOS, group=Core, mode=CMSIS_V2, owner=FREERTOS
2022-11-01 23:40:40,565 [WARN] ModelIntegratedComponent:181 - Missing modes for component STMicroelectronics:FreeRTOS:0.0.1:STMicroelectronics:RTOS:FreeRTOS:Core:::10.2.0:
2022-11-01 23:40:40,570 [WARN] ApiManager:304 - Cannot register API 'Board Extension:S2868A1' from pack STMicroelectronics.X-CUBE-SUBG2.5.0.0: no header file found
2022-11-01 23:40:40,570 [WARN] ApiManager:304 - Cannot register API 'Board Extension:S2868A2' from pack STMicroelectronics.X-CUBE-SUBG2.5.0.0: no header file found
2022-11-01 23:40:40,570 [WARN] ApiManager:304 - Cannot register API 'Board Extension:S2915A1' from pack STMicroelectronics.X-CUBE-SUBG2.5.0.0: no header file found
2022-11-01 23:40:40,574 [WARN] ApiManager:304 - Cannot register API 'Board Extension:NFC04A1' from pack STMicroelectronics.X-CUBE-NFC4.2.0.4: no header file found
2022-11-01 23:40:40,581 [WARN] ModelIntegratedComponent:60 - No mode defined for component null
2022-11-01 23:40:40,581 [WARN] ModelIntegratedComponent:60 - No mode defined for component null
2022-11-01 23:40:40,581 [WARN] ModelIntegratedComponent:60 - No mode defined for component null
2022-11-01 23:40:40,582 [WARN] ModelIntegratedComponent:60 - No mode defined for component null
2022-11-01 23:40:40,582 [WARN] ModelIntegratedComponent:60 - No mode defined for component null
2022-11-01 23:40:40,582 [WARN] ModelIntegratedComponent:60 - No mode defined for component null
2022-11-01 23:40:40,582 [WARN] ModelIntegratedComponent:60 - No mode defined for component null
2022-11-01 23:40:40,582 [WARN] ModelIntegratedComponent:60 - No mode defined for component null
2022-11-01 23:40:40,582 [WARN] ModelIntegratedComponent:60 - No mode defined for component null
2022-11-01 23:40:40,583 [WARN] ModelIntegratedComponent:60 - No mode defined for component null
2022-11-01 23:40:40,583 [WARN] ModelIntegratedComponent:60 - No mode defined for component null
2022-11-01 23:40:40,583 [WARN] ModelIntegratedComponent:60 - No mode defined for component null
2022-11-01 23:40:40,583 [WARN] ModelIntegratedComponent:60 - No mode defined for component null
2022-11-01 23:40:40,583 [WARN] ModelIntegratedComponent:60 - No mode defined for component null
2022-11-01 23:40:40,583 [WARN] ModelIntegratedComponent:60 - No mode defined for component null
2022-11-01 23:40:40,583 [WARN] ModelIntegratedComponent:60 - No mode defined for component null
2022-11-01 23:40:40,583 [WARN] ModelIntegratedComponent:60 - No mode defined for component null
2022-11-01 23:40:40,583 [WARN] ModelIntegratedComponent:60 - No mode defined for component null
2022-11-01 23:40:40,583 [WARN] ModelIntegratedComponent:60 - No mode defined for component null
2022-11-01 23:40:40,583 [WARN] ModelIntegratedComponent:60 - No mode defined for component null
2022-11-01 23:40:40,583 [WARN] ModelIntegratedComponent:60 - No mode defined for component null
2022-11-01 23:40:40,583 [WARN] ModelIntegratedComponent:60 - No mode defined for component null
2022-11-01 23:40:40,583 [WARN] ModelIntegratedComponent:60 - No mode defined for component null
2022-11-01 23:40:40,584 [WARN] ModelIntegratedComponent:60 - No mode defined for component null
2022-11-01 23:40:40,584 [WARN] ModelIntegratedComponent:60 - No mode defined for component null
2022-11-01 23:40:40,584 [WARN] ModelIntegratedComponent:60 - No mode defined for component null
2022-11-01 23:40:40,584 [WARN] ModelIntegratedComponent:60 - No mode defined for component null
2022-11-01 23:40:40,584 [WARN] ModelIntegratedComponent:60 - No mode defined for component null
2022-11-01 23:40:40,584 [WARN] ModelIntegratedComponent:60 - No mode defined for component null
2022-11-01 23:40:40,584 [WARN] ModelIntegratedComponent:60 - No mode defined for component null
2022-11-01 23:40:40,584 [WARN] ModelIntegratedComponent:60 - No mode defined for component null
2022-11-01 23:40:40,585 [WARN] ApiManager:304 - Cannot register API 'Board Extension:NFC07A1' from pack STMicroelectronics.X-CUBE-NFC7.1.0.0: no header file found
2022-11-01 23:40:40,823 [WARN] ApiManager:304 - Cannot register API 'Board Extension:IKS01A3' from pack STMicroelectronics.X-CUBE-MEMS1.9.3.0: no header file found
2022-11-01 23:40:40,823 [WARN] ApiManager:304 - Cannot register API 'Board Extension:IKS01A2' from pack STMicroelectronics.X-CUBE-MEMS1.9.3.0: no header file found
2022-11-01 23:40:40,823 [WARN] ApiManager:304 - Cannot register API 'Board Extension:IKS02A1' from pack STMicroelectronics.X-CUBE-MEMS1.9.3.0: no header file found
2022-11-01 23:40:40,833 [WARN] ApiManager:304 - Cannot register API 'Board Extension:EEPRMA1' from pack STMicroelectronics.X-CUBE-EEPRMA1.3.1.1: no header file found
2022-11-01 23:40:40,833 [WARN] ApiManager:304 - Cannot register API 'Board Extension:EEPRMA2' from pack STMicroelectronics.X-CUBE-EEPRMA1.3.1.1: no header file found
2022-11-01 23:40:40,834 [WARN] ApiManager:304 - Cannot register API 'Board Extension:S2868A1' from pack STMicroelectronics.X-CUBE-SFXS2LP1.4.0.0: no header file found
2022-11-01 23:40:40,834 [WARN] ApiManager:304 - Cannot register API 'Board Extension:S2868A2' from pack STMicroelectronics.X-CUBE-SFXS2LP1.4.0.0: no header file found
2022-11-01 23:40:40,834 [WARN] ApiManager:304 - Cannot register API 'Board Extension:S2915A1' from pack STMicroelectronics.X-CUBE-SFXS2LP1.4.0.0: no header file found
2022-11-01 23:40:40,835 [WARN] ApiManager:304 - Cannot register API 'Wireless:BlueNRG-2' from pack STMicroelectronics.X-CUBE-BLE2.3.3.0: no header file found
2022-11-01 23:40:43,351 [INFO] UtilMem:74 - End LoadConfig() Used Memory: 444543680 Bytes (603979776)
2022-11-01 23:40:43,353 [INFO] DbMcusXml:100 - Load MCU database from D:\STM32CubeIDE_1.7.0\STM32CubeIDE\plugins\com.st.stm32cube.common.mx_6.3.0.202107141111\\db\/mcu/families.xml
2022-11-01 23:40:44,569 [INFO] DbMcusJson:93 - JSON generation date=Tue Nov 16 23:17:54 ICT 2021 (1637079474)
2022-11-01 23:40:45,558 [INFO] DbMcus:175 - Found 1951 MCUs (1903 are supported by CubeMX, 1914 are visible in CubeMX)
2022-11-01 23:40:45,559 [INFO] ApiDb:251 - Load user favorites file C:\Users\binch/.stm32cubeide/favorites.mcus.txt: 0 item(s)
2022-11-01 23:40:45,560 [INFO] ApiDb:255 - User favorites MCUs=[]
2022-11-01 23:40:45,560 [INFO] DbMcus:187 - Set 0 / 0 favorites MCUs
2022-11-01 23:40:45,644 [WARN] ThirdParty:779 - waiting for thirdparty lock release [change project]
2022-11-01 23:40:45,644 [INFO] ThirdParty:781 - entering critical section [change project]
2022-11-01 23:40:45,644 [INFO] ThirdParty:967 - CMSIS Pack Vendor :RoweBots I-CUBE-UNISONRTOS 5.5.0-4
2022-11-01 23:40:45,644 [INFO] ThirdParty:967 - CMSIS Pack Vendor :STMicroelectronics X-CUBE-GNSS1 6.0.0
2022-11-01 23:40:45,644 [INFO] ThirdParty:967 - CMSIS Pack Vendor :STMicroelectronics X-CUBE-AZRTOS-H7 2.1.0
2022-11-01 23:40:45,644 [INFO] ThirdParty:967 - CMSIS Pack Vendor :STMicroelectronics USB_HOST 2.0.0
2022-11-01 23:40:45,644 [INFO] ThirdParty:967 - CMSIS Pack Vendor :STMicroelectronics X-CUBE-AZRTOS-F4 1.1.0
2022-11-01 23:40:45,644 [INFO] ThirdParty:967 - CMSIS Pack Vendor :STMicroelectronics USB_DEVICE 3.0.0
2022-11-01 23:40:45,644 [INFO] ThirdParty:967 - CMSIS Pack Vendor :STMicroelectronics X-CUBE-BLEMGR 1.0.0
2022-11-01 23:40:45,644 [INFO] ThirdParty:967 - CMSIS Pack Vendor :STMicroelectronics X-CUBE-BLEMGR 1.2.0
2022-11-01 23:40:45,644 [INFO] ThirdParty:967 - CMSIS Pack Vendor :STMicroelectronics X-CUBE-AZRTOS-F7 1.1.0
2022-11-01 23:40:45,645 [INFO] ThirdParty:967 - CMSIS Pack Vendor :STMicroelectronics USB_DEVICE 2.0.0
2022-11-01 23:40:45,645 [INFO] ThirdParty:967 - CMSIS Pack Vendor :STMicroelectronics X-CUBE-AI 7.3.0
2022-11-01 23:40:45,645 [INFO] ThirdParty:967 - CMSIS Pack Vendor :STMicroelectronics X-CUBE-BLE1 6.2.3
2022-11-01 23:40:45,647 [INFO] ThirdParty:967 - CMSIS Pack Vendor :STMicroelectronics X-CUBE-ALGOBUILD 1.3.0
2022-11-01 23:40:45,648 [INFO] ThirdParty:967 - CMSIS Pack Vendor :STMicroelectronics FreeRTOS 0.0.1
2022-11-01 23:40:45,648 [INFO] ThirdParty:967 - CMSIS Pack Vendor :STMicroelectronics X-CUBE-AZRTOS-G0 1.1.0
2022-11-01 23:40:45,648 [INFO] ThirdParty:967 - CMSIS Pack Vendor :STMicroelectronics X-CUBE-SUBG2 5.0.0
2022-11-01 23:40:45,648 [INFO] ThirdParty:967 - CMSIS Pack Vendor :SEGGER I-CUBE-embOS 1.2.0
2022-11-01 23:40:45,648 [INFO] ThirdParty:967 - CMSIS Pack Vendor :STMicroelectronics lwIP 2.0.3
2022-11-01 23:40:45,648 [INFO] ThirdParty:967 - CMSIS Pack Vendor :STMicroelectronics X-CUBE-NFC4 2.0.4
2022-11-01 23:40:45,649 [INFO] ThirdParty:967 - CMSIS Pack Vendor :STMicroelectronics USB_HOST 1.0.0
2022-11-01 23:40:45,649 [INFO] ThirdParty:967 - CMSIS Pack Vendor :STMicroelectronics PDM2PCM 3.1.0
2022-11-01 23:40:45,649 [INFO] ThirdParty:967 - CMSIS Pack Vendor :STMicroelectronics FP-ATR-ASTRA1 1.1.1
2022-11-01 23:40:45,649 [INFO] ThirdParty:967 - CMSIS Pack Vendor :STMicroelectronics PDM2PCM 3.3.0
2022-11-01 23:40:45,649 [INFO] ThirdParty:967 - CMSIS Pack Vendor :STMicroelectronics X-CUBE-TOF1 3.1.0
2022-11-01 23:40:45,649 [INFO] ThirdParty:967 - CMSIS Pack Vendor :STMicroelectronics X-CUBE-AZRTOS-G4 1.0.0
2022-11-01 23:40:45,649 [INFO] ThirdParty:967 - CMSIS Pack Vendor :STMicroelectronics FP-ATR-SIGFOX1 3.2.0
2022-11-01 23:40:45,649 [INFO] ThirdParty:967 - CMSIS Pack Vendor :STMicroelectronics X-CUBE-AZRTOS-L4 1.0.0
2022-11-01 23:40:45,649 [INFO] ThirdParty:967 - CMSIS Pack Vendor :wolfSSL I-CUBE-wolfSSL 5.5.0
2022-11-01 23:40:45,649 [INFO] ThirdParty:967 - CMSIS Pack Vendor :STMicroelectronics HAL Drivers 0.0.0
2022-11-01 23:40:45,649 [INFO] ThirdParty:967 - CMSIS Pack Vendor :STMicroelectronics MBEDTLS 2.16.2
2022-11-01 23:40:45,649 [INFO] ThirdParty:967 - CMSIS Pack Vendor :emotas I-CUBE-CANOPEN 1.1.2
2022-11-01 23:40:45,649 [INFO] ThirdParty:967 - CMSIS Pack Vendor :STMicroelectronics X-CUBE-TOUCHGFX 4.20.0
2022-11-01 23:40:45,649 [INFO] ThirdParty:967 - CMSIS Pack Vendor :STMicroelectronics MBEDTLS 2.14.1
2022-11-01 23:40:45,649 [INFO] ThirdParty:967 - CMSIS Pack Vendor :STMicroelectronics X-CUBE-NFC7 1.0.0
2022-11-01 23:40:45,650 [INFO] ThirdParty:967 - CMSIS Pack Vendor :STMicroelectronics X-CUBE-AZRTOS-WL 1.0.0
2022-11-01 23:40:45,650 [INFO] ThirdParty:967 - CMSIS Pack Vendor :STMicroelectronics X-CUBE-MEMS1 9.3.0
2022-11-01 23:40:45,650 [INFO] ThirdParty:967 - CMSIS Pack Vendor :portGmbH I-Cube-SoM-uGOAL 1.1.0
2022-11-01 23:40:45,650 [INFO] ThirdParty:967 - CMSIS Pack Vendor :STMicroelectronics X-CUBE-ALS 1.0.1
2022-11-01 23:40:45,650 [INFO] ThirdParty:967 - CMSIS Pack Vendor :STMicroelectronics X-CUBE-AI 7.2.0
2022-11-01 23:40:45,650 [INFO] ThirdParty:967 - CMSIS Pack Vendor :STMicroelectronics X-CUBE-AZRTOS-L5 1.0.0
2022-11-01 23:40:45,650 [INFO] ThirdParty:967 - CMSIS Pack Vendor :STMicroelectronics USB_DEVICE 1.0.0
2022-11-01 23:40:45,650 [INFO] ThirdParty:967 - CMSIS Pack Vendor :STMicroelectronics X-CUBE-EEPRMA1 3.1.1
2022-11-01 23:40:45,650 [INFO] ThirdParty:967 - CMSIS Pack Vendor :STMicroelectronics ThreadX 0.0.2
2022-11-01 23:40:45,650 [INFO] ThirdParty:967 - CMSIS Pack Vendor :STMicroelectronics lwIP 2.1.2
2022-11-01 23:40:45,650 [INFO] ThirdParty:967 - CMSIS Pack Vendor :STMicroelectronics X-CUBE-SFXS2LP1 4.0.0
2022-11-01 23:40:45,650 [INFO] ThirdParty:967 - CMSIS Pack Vendor :STMicroelectronics X-CUBE-BLE2 3.3.0
2022-11-01 23:40:45,650 [INFO] ThirdParty:967 - CMSIS Pack Vendor :STMicroelectronics X-CUBE-DISPLAY 2.2.0
2022-11-01 23:40:45,650 [INFO] ThirdParty:967 - CMSIS Pack Vendor :STMicroelectronics X-CUBE-TOF1 3.2.0
2022-11-01 23:40:45,650 [INFO] ThirdParty:967 - CMSIS Pack Vendor :STMicroelectronics PDM2PCM 3.2.0
2022-11-01 23:40:45,650 [INFO] ThirdParty:967 - CMSIS Pack Vendor :STMicroelectronics X-CUBE-ISPU 1.0.0
2022-11-01 23:40:45,651 [INFO] ThirdParty:787 - exiting critical section [change project]
2022-11-01 23:40:46,415 [INFO] PinOutPanel:1463 - setPackage(No Configuration,No Configuration)
2022-11-01 23:40:46,416 [INFO] PinOutPanel:1463 - setPackage(STM32F103C6Ux,UFQFPN48)
2022-11-01 23:40:47,153 [INFO] UtilMem:74 - Before build in PCC Used Memory: 610005464 Bytes (727711744)
2022-11-01 23:40:48,628 [INFO] UtilMem:74 - After build in PCC Used Memory: 568649464 Bytes (727711744)
2022-11-01 23:40:48,653 [INFO] IPUIPlugin:74 - create IPUIPlugin
2022-11-01 23:40:48,653 [INFO] IPUIPlugin:74 - create IPUIPlugin
2022-11-01 23:40:48,653 [INFO] IPUIPlugin:74 - create IPUIPlugin
2022-11-01 23:40:48,653 [INFO] IPUIPlugin:74 - create IPUIPlugin
2022-11-01 23:40:48,653 [INFO] IPUIPlugin:74 - create IPUIPlugin
2022-11-01 23:40:48,653 [INFO] IPUIPlugin:74 - create IPUIPlugin
2022-11-01 23:40:48,653 [INFO] IPUIPlugin:74 - create IPUIPlugin
2022-11-01 23:40:48,654 [INFO] IPUIPlugin:74 - create IPUIPlugin
2022-11-01 23:40:48,654 [INFO] IPUIPlugin:74 - create IPUIPlugin
2022-11-01 23:40:48,654 [INFO] IPUIPlugin:74 - create IPUIPlugin
2022-11-01 23:40:48,654 [INFO] IPUIPlugin:74 - create IPUIPlugin
2022-11-01 23:40:48,654 [INFO] IPUIPlugin:74 - create IPUIPlugin
2022-11-01 23:40:48,655 [INFO] IPUIPlugin:74 - create IPUIPlugin
2022-11-01 23:40:48,655 [INFO] IPUIPlugin:74 - create IPUIPlugin
2022-11-01 23:40:48,655 [INFO] IPUIPlugin:74 - create IPUIPlugin
2022-11-01 23:40:48,656 [INFO] IPUIPlugin:74 - create IPUIPlugin
2022-11-01 23:40:48,656 [INFO] IPUIPlugin:74 - create IPUIPlugin
2022-11-01 23:40:48,657 [INFO] IPUIPlugin:74 - create IPUIPlugin
2022-11-01 23:40:48,657 [INFO] IPUIPlugin:74 - create IPUIPlugin
2022-11-01 23:40:48,657 [INFO] IPUIPlugin:74 - create IPUIPlugin
2022-11-01 23:40:48,658 [INFO] IPUIPlugin:74 - create IPUIPlugin
2022-11-01 23:40:48,658 [INFO] IPUIPlugin:74 - create IPUIPlugin
2022-11-01 23:40:48,658 [INFO] IPUIPlugin:74 - create IPUIPlugin
2022-11-01 23:40:48,689 [WARN] IP:2125 - I2C_Coeff_DF not found: check if there is a RefParameter without a condition.
2022-11-01 23:40:48,689 [WARN] IP:2125 - Analog_Filter not found: check if there is a RefParameter without a condition.
2022-11-01 23:40:48,983 [INFO] OpenFileManager:333 - Restore cursor
2022-11-01 23:40:49,120 [WARN] IP:2125 - I2C_Coeff_DF not found: check if there is a RefParameter without a condition.
2022-11-01 23:40:49,120 [WARN] IP:2125 - Analog_Filter not found: check if there is a RefParameter without a condition.
2022-11-01 23:40:49,123 [WARN] IP:2125 - I2C_Coeff_DF not found: check if there is a RefParameter without a condition.
2022-11-01 23:40:49,123 [WARN] IP:2125 - Analog_Filter not found: check if there is a RefParameter without a condition.
2022-11-01 23:41:12,392 [WARN] IP:2125 - I2C_Coeff_DF not found: check if there is a RefParameter without a condition.
2022-11-01 23:41:12,392 [WARN] IP:2125 - Analog_Filter not found: check if there is a RefParameter without a condition.
2022-11-01 23:41:12,393 [WARN] IP:2125 - I2C_Coeff_DF not found: check if there is a RefParameter without a condition.
2022-11-01 23:41:12,393 [WARN] IP:2125 - Analog_Filter not found: check if there is a RefParameter without a condition.
2022-11-01 23:41:12,405 [WARN] IP:2125 - I2C_Coeff_DF not found: check if there is a RefParameter without a condition.
2022-11-01 23:41:12,405 [WARN] IP:2125 - Analog_Filter not found: check if there is a RefParameter without a condition.
2022-11-01 23:41:12,418 [WARN] IP:2125 - I2C_Coeff_DF not found: check if there is a RefParameter without a condition.
2022-11-01 23:41:12,418 [WARN] IP:2125 - Analog_Filter not found: check if there is a RefParameter without a condition.
2022-11-01 23:41:16,480 [WARN] IP:2125 - I2C_Coeff_DF not found: check if there is a RefParameter without a condition.
2022-11-01 23:41:16,480 [WARN] IP:2125 - Analog_Filter not found: check if there is a RefParameter without a condition.
2022-11-01 23:41:16,481 [WARN] IP:2125 - I2C_Coeff_DF not found: check if there is a RefParameter without a condition.
2022-11-01 23:41:16,481 [WARN] IP:2125 - Analog_Filter not found: check if there is a RefParameter without a condition.
2022-11-01 23:41:16,493 [WARN] IP:2125 - I2C_Coeff_DF not found: check if there is a RefParameter without a condition.
2022-11-01 23:41:16,493 [WARN] IP:2125 - Analog_Filter not found: check if there is a RefParameter without a condition.
2022-11-01 23:41:16,505 [WARN] IP:2125 - I2C_Coeff_DF not found: check if there is a RefParameter without a condition.
2022-11-01 23:41:16,505 [WARN] IP:2125 - Analog_Filter not found: check if there is a RefParameter without a condition.
2022-11-01 23:41:22,123 [INFO] UtilMem:74 - End SaveConfig() Used Memory: 651394944 Bytes (780140544)
2022-11-01 23:41:34,977 [INFO] NvicIntPanel:96 - NVIC parent = com.st.microxplorer.plugins.ip.nvic.MultiNvicIntPanel[,0,0,0x0,invalid,layout=javax.swing.BoxLayout,alignmentX=0.0,alignmentY=0.0,border=,flags=9,maximumSize=,minimumSize=,preferredSize=]
2022-11-01 23:41:36,569 [INFO] NvicIntPanel:96 - NVIC parent = com.st.microxplorer.plugins.ip.nvic.MultiNvicIntPanel[,0,0,0x0,invalid,layout=javax.swing.BoxLayout,alignmentX=0.0,alignmentY=0.0,border=,flags=9,maximumSize=,minimumSize=,preferredSize=]
2022-11-01 23:41:57,734 [INFO] UtilMem:74 - End SaveConfig() Used Memory: 632881352 Bytes (780140544)
2022-11-01 23:41:59,128 [INFO] UtilMem:74 - End SaveConfig() Used Memory: 649962280 Bytes (780140544)
2022-11-01 23:42:08,104 [INFO] UtilMem:74 - End SaveConfig() Used Memory: 609292192 Bytes (780140544)
2022-11-01 23:42:08,452 [INFO] BlockDiagram:2740 - set Specific Code input for plugin: NVIC
2022-11-01 23:42:08,452 [INFO] BlockDiagram:2740 - set Specific Code input for plugin: SYS
2022-11-01 23:42:08,452 [INFO] BlockDiagram:2740 - set Specific Code input for plugin: GPIO
2022-11-01 23:42:08,452 [INFO] BlockDiagram:2740 - set Specific Code input for plugin: RCC
2022-11-01 23:42:08,452 [INFO] BlockDiagram:2740 - set Specific Code input for plugin: I2C
2022-11-01 23:42:08,453 [INFO] BlockDiagram:2740 - set Specific Code input for plugin: TIM1_8F1
2022-11-01 23:42:08,454 [INFO] CodeGenerator:663 - code generatio: config db path: D:\STM32CubeIDE_1.7.0\STM32CubeIDE\plugins\com.st.stm32cube.common.mx_6.3.0.202107141111\\db\
2022-11-01 23:42:08,459 [WARN] IP:2125 - I2C_Coeff_DF not found: check if there is a RefParameter without a condition.
2022-11-01 23:42:08,459 [WARN] IP:2125 - Analog_Filter not found: check if there is a RefParameter without a condition.
2022-11-01 23:42:08,998 [INFO] CodeEngine:239 - oldGeneratedFile, E:\OneDrive\FileBK_next\DoAn\Expansion_shield_STMNucleo\STM32\lcd16x2_STM32\MXTmpFiles\license.tmp_save
2022-11-01 23:42:09,466 [INFO] CodeEngine:257 - Generated code: E:\OneDrive\FileBK_next\DoAn\Expansion_shield_STMNucleo\STM32\lcd16x2_STM32\MXTmpFiles\license.tmp
2022-11-01 23:42:09,729 [INFO] CodeEngine:239 - oldGeneratedFile, E:\OneDrive\FileBK_next\DoAn\Expansion_shield_STMNucleo\STM32\lcd16x2_STM32\Core\Src\gpio.c_save
2022-11-01 23:42:09,827 [INFO] CodeEngine:257 - Generated code: E:\OneDrive\FileBK_next\DoAn\Expansion_shield_STMNucleo\STM32\lcd16x2_STM32\Core\Src\gpio.c
2022-11-01 23:42:09,857 [INFO] CodeEngine:239 - oldGeneratedFile, E:\OneDrive\FileBK_next\DoAn\Expansion_shield_STMNucleo\STM32\lcd16x2_STM32\Core\Inc\gpio.h_save
2022-11-01 23:42:09,933 [INFO] CodeEngine:257 - Generated code: E:\OneDrive\FileBK_next\DoAn\Expansion_shield_STMNucleo\STM32\lcd16x2_STM32\Core\Inc\gpio.h
2022-11-01 23:42:10,007 [ERROR] IPConfigManager:1513 - ERROR: the RefConfig I2C_Analogue is not available in your config.xml file
2022-11-01 23:42:10,008 [ERROR] IPConfigManager:1513 - ERROR: the RefConfig I2C_DigitalFolter is not available in your config.xml file
2022-11-01 23:42:10,265 [INFO] CodeEngine:239 - oldGeneratedFile, E:\OneDrive\FileBK_next\DoAn\Expansion_shield_STMNucleo\STM32\lcd16x2_STM32\Core\Src\i2c.c_save
2022-11-01 23:42:10,393 [INFO] CodeEngine:257 - Generated code: E:\OneDrive\FileBK_next\DoAn\Expansion_shield_STMNucleo\STM32\lcd16x2_STM32\Core\Src\i2c.c
2022-11-01 23:42:10,415 [INFO] CodeEngine:239 - oldGeneratedFile, E:\OneDrive\FileBK_next\DoAn\Expansion_shield_STMNucleo\STM32\lcd16x2_STM32\Core\Inc\i2c.h_save
2022-11-01 23:42:10,474 [INFO] CodeEngine:257 - Generated code: E:\OneDrive\FileBK_next\DoAn\Expansion_shield_STMNucleo\STM32\lcd16x2_STM32\Core\Inc\i2c.h
2022-11-01 23:42:10,487 [INFO] CodeEngine:239 - oldGeneratedFile, E:\OneDrive\FileBK_next\DoAn\Expansion_shield_STMNucleo\STM32\lcd16x2_STM32\Core\Src\tim.c_save
2022-11-01 23:42:10,593 [INFO] CodeEngine:257 - Generated code: E:\OneDrive\FileBK_next\DoAn\Expansion_shield_STMNucleo\STM32\lcd16x2_STM32\Core\Src\tim.c
2022-11-01 23:42:10,596 [INFO] CodeEngine:239 - oldGeneratedFile, E:\OneDrive\FileBK_next\DoAn\Expansion_shield_STMNucleo\STM32\lcd16x2_STM32\Core\Inc\tim.h_save
2022-11-01 23:42:10,657 [INFO] CodeEngine:257 - Generated code: E:\OneDrive\FileBK_next\DoAn\Expansion_shield_STMNucleo\STM32\lcd16x2_STM32\Core\Inc\tim.h
2022-11-01 23:42:10,695 [INFO] CodeEngine:239 - oldGeneratedFile, E:\OneDrive\FileBK_next\DoAn\Expansion_shield_STMNucleo\STM32\lcd16x2_STM32\Core\Src\stm32f1xx_it.c_save
2022-11-01 23:42:10,811 [INFO] CodeEngine:257 - Generated code: E:\OneDrive\FileBK_next\DoAn\Expansion_shield_STMNucleo\STM32\lcd16x2_STM32\Core\Src\stm32f1xx_it.c
2022-11-01 23:42:10,838 [INFO] CodeEngine:239 - oldGeneratedFile, E:\OneDrive\FileBK_next\DoAn\Expansion_shield_STMNucleo\STM32\lcd16x2_STM32\Core\Inc\stm32f1xx_it.h_save
2022-11-01 23:42:10,910 [INFO] CodeEngine:257 - Generated code: E:\OneDrive\FileBK_next\DoAn\Expansion_shield_STMNucleo\STM32\lcd16x2_STM32\Core\Inc\stm32f1xx_it.h
2022-11-01 23:42:10,948 [INFO] CodeEngine:239 - oldGeneratedFile, E:\OneDrive\FileBK_next\DoAn\Expansion_shield_STMNucleo\STM32\lcd16x2_STM32\Core\Src\stm32f1xx_hal_msp.c_save
2022-11-01 23:42:11,056 [INFO] CodeEngine:257 - Generated code: E:\OneDrive\FileBK_next\DoAn\Expansion_shield_STMNucleo\STM32\lcd16x2_STM32\Core\Src\stm32f1xx_hal_msp.c
2022-11-01 23:42:11,073 [INFO] CodeEngine:239 - oldGeneratedFile, E:\OneDrive\FileBK_next\DoAn\Expansion_shield_STMNucleo\STM32\lcd16x2_STM32\MXTmpFiles\system.tmp_save
2022-11-01 23:42:11,151 [INFO] CodeEngine:257 - Generated code: E:\OneDrive\FileBK_next\DoAn\Expansion_shield_STMNucleo\STM32\lcd16x2_STM32\MXTmpFiles\system.tmp
2022-11-01 23:42:11,195 [INFO] CodeEngine:239 - oldGeneratedFile, E:\OneDrive\FileBK_next\DoAn\Expansion_shield_STMNucleo\STM32\lcd16x2_STM32\Core\Inc\stm32f1xx_hal_conf.h_save
2022-11-01 23:42:11,280 [INFO] CodeEngine:257 - Generated code: E:\OneDrive\FileBK_next\DoAn\Expansion_shield_STMNucleo\STM32\lcd16x2_STM32\Core\Inc\stm32f1xx_hal_conf.h
2022-11-01 23:42:11,340 [INFO] CodeEngine:239 - oldGeneratedFile, E:\OneDrive\FileBK_next\DoAn\Expansion_shield_STMNucleo\STM32\lcd16x2_STM32\Core\Inc\main.h_save
2022-11-01 23:42:11,516 [INFO] CodeEngine:257 - Generated code: E:\OneDrive\FileBK_next\DoAn\Expansion_shield_STMNucleo\STM32\lcd16x2_STM32\Core\Inc\main.h
2022-11-01 23:42:11,549 [INFO] CodeEngine:239 - oldGeneratedFile, E:\OneDrive\FileBK_next\DoAn\Expansion_shield_STMNucleo\STM32\lcd16x2_STM32\Core\Src\main.c_save
2022-11-01 23:42:11,793 [INFO] CodeEngine:257 - Generated code: E:\OneDrive\FileBK_next\DoAn\Expansion_shield_STMNucleo\STM32\lcd16x2_STM32\Core\Src\main.c
2022-11-01 23:42:12,867 [INFO] ProjectBuilder:2578 - Time for Copy HAL[1] : 356mS.
2022-11-01 23:42:12,874 [INFO] ProjectBuilder:3622 - Project Generator version: 3.14.1
2022-11-01 23:42:13,313 [INFO] ConfigFileManager:1271 - The Die is : DIE412
2022-11-01 23:42:13,360 [INFO] ApiDbMcu:468 - Load IP Config File for FATFS
2022-11-01 23:42:13,443 [INFO] ApiDbMcu:468 - Load IP Config File for FREERTOS
2022-11-01 23:42:13,490 [INFO] ApiDbMcu:468 - Load IP Config File for USB_DEVICE
2022-11-01 23:42:17,165 [INFO] ProjectBuilder:3789 - Time for Generating toolchain IDE Files: 4291mS.
2022-11-01 23:42:17,167 [INFO] ProjectBuilder:2457 - Time for Copy CMSIS : 1mS.
2022-11-01 23:42:17,172 [INFO] ProjectBuilder:2457 - Time for Copy CMSIS : 0mS.
